ERROR - 2024-11-18 02:22:04 --> Error connecting to the database: mysqli_sql_exception: No connection could be made because the target machine actively refused it in C:\project bu kurniati\ci4\system\Database\MySQLi\Connection.php:186
Stack trace:
#0 C:\project bu kurniati\ci4\system\Database\MySQLi\Connection.php(186): mysqli->real_connect('localhost', 'root', Object(SensitiveParameterValue), 'website_feedbac...', 3306, '', 0)
#1 C:\project bu kurniati\ci4\system\Database\BaseConnection.php(421): CodeIgniter\Database\MySQLi\Connection->connect(false)
#2 C:\project bu kurniati\ci4\system\Database\BaseConnection.php(616): CodeIgniter\Database\BaseConnection->initialize()
#3 C:\project bu kurniati\ci4\system\Database\BaseBuilder.php(2340): CodeIgniter\Database\BaseConnection->query('INSERT INTO `fe...', Array, false)
#4 C:\project bu kurniati\ci4\system\Model.php(394): CodeIgniter\Database\BaseBuilder->insert()
#5 C:\project bu kurniati\ci4\system\BaseModel.php(840): CodeIgniter\Model->doInsert(Array)
#6 C:\project bu kurniati\ci4\system\Model.php(802): CodeIgniter\BaseModel->insert(Array, true)
#7 C:\project bu kurniati\ci4\app\Controllers\FeedbackController.php(21): CodeIgniter\Model->insert(Array)
#8 C:\project bu kurniati\ci4\system\CodeIgniter.php(933): App\Controllers\FeedbackController->send()
#9 C:\project bu kurniati\ci4\system\CodeIgniter.php(509): CodeIgniter\CodeIgniter->runController(Object(App\Controllers\FeedbackController))
#10 C:\project bu kurniati\ci4\system\CodeIgniter.php(355): CodeIgniter\CodeIgniter->handleRequest(NULL, Object(Config\Cache), false)
#11 C:\project bu kurniati\ci4\system\Boot.php(325): CodeIgniter\CodeIgniter->run()
#12 C:\project bu kurniati\ci4\system\Boot.php(67): CodeIgniter\Boot::runCodeIgniter(Object(CodeIgniter\CodeIgniter))
#13 C:\project bu kurniati\ci4\public\index.php(56): CodeIgniter\Boot::bootWeb(Object(Config\Paths))
#14 C:\project bu kurniati\ci4\system\rewrite.php(44): require_once('C:\\project bu k...')
#15 {main}

Next CodeIgniter\Database\Exceptions\DatabaseException: No connection could be made because the target machine actively refused it in C:\project bu kurniati\ci4\system\Database\MySQLi\Connection.php:231
Stack trace:
#0 C:\project bu kurniati\ci4\system\Database\BaseConnection.php(421): CodeIgniter\Database\MySQLi\Connection->connect(false)
#1 C:\project bu kurniati\ci4\system\Database\BaseConnection.php(616): CodeIgniter\Database\BaseConnection->initialize()
#2 C:\project bu kurniati\ci4\system\Database\BaseBuilder.php(2340): CodeIgniter\Database\BaseConnection->query('INSERT INTO `fe...', Array, false)
#3 C:\project bu kurniati\ci4\system\Model.php(394): CodeIgniter\Database\BaseBuilder->insert()
#4 C:\project bu kurniati\ci4\system\BaseModel.php(840): CodeIgniter\Model->doInsert(Array)
#5 C:\project bu kurniati\ci4\system\Model.php(802): CodeIgniter\BaseModel->insert(Array, true)
#6 C:\project bu kurniati\ci4\app\Controllers\FeedbackController.php(21): CodeIgniter\Model->insert(Array)
#7 C:\project bu kurniati\ci4\system\CodeIgniter.php(933): App\Controllers\FeedbackController->send()
#8 C:\project bu kurniati\ci4\system\CodeIgniter.php(509): CodeIgniter\CodeIgniter->runController(Object(App\Controllers\FeedbackController))
#9 C:\project bu kurniati\ci4\system\CodeIgniter.php(355): CodeIgniter\CodeIgniter->handleRequest(NULL, Object(Config\Cache), false)
#10 C:\project bu kurniati\ci4\system\Boot.php(325): CodeIgniter\CodeIgniter->run()
#11 C:\project bu kurniati\ci4\system\Boot.php(67): CodeIgniter\Boot::runCodeIgniter(Object(CodeIgniter\CodeIgniter))
#12 C:\project bu kurniati\ci4\public\index.php(56): CodeIgniter\Boot::bootWeb(Object(Config\Paths))
#13 C:\project bu kurniati\ci4\system\rewrite.php(44): require_once('C:\\project bu k...')
#14 {main}
CRITICAL - 2024-11-18 02:22:04 --> CodeIgniter\Database\Exceptions\DatabaseException: Unable to connect to the database.
Main connection [MySQLi]: No connection could be made because the target machine actively refused it
[Method: POST, Route: feedback/send]
in SYSTEMPATH\Database\BaseConnection.php on line 467.
 1 SYSTEMPATH\Database\BaseConnection.php(616): CodeIgniter\Database\BaseConnection->initialize()
 2 SYSTEMPATH\Database\BaseBuilder.php(2340): CodeIgniter\Database\BaseConnection->query('INSERT INTO `feedback` (`komentar`, `nama`, `email`, `situs`) VALUES (:komentar:, :nama:, :email:, :situs:)', [...], false)
 3 SYSTEMPATH\Model.php(394): CodeIgniter\Database\BaseBuilder->insert()
 4 SYSTEMPATH\BaseModel.php(840): CodeIgniter\Model->doInsert([...])
 5 SYSTEMPATH\Model.php(802): CodeIgniter\BaseModel->insert([...], true)
 6 APPPATH\Controllers\FeedbackController.php(21): CodeIgniter\Model->insert([...])
 7 SYSTEMPATH\CodeIgniter.php(933): App\Controllers\FeedbackController->send()
 8 SYSTEMPATH\CodeIgniter.php(509): CodeIgniter\CodeIgniter->runController(Object(App\Controllers\FeedbackController))
 9 SYSTEMPATH\CodeIgniter.php(355): CodeIgniter\CodeIgniter->handleRequest(null, Object(Config\Cache), false)
10 SYSTEMPATH\Boot.php(325): CodeIgniter\CodeIgniter->run()
11 SYSTEMPATH\Boot.php(67): CodeIgniter\Boot::runCodeIgniter(Object(CodeIgniter\CodeIgniter))
12 FCPATH\index.php(56): CodeIgniter\Boot::bootWeb(Object(Config\Paths))
13 SYSTEMPATH\rewrite.php(44): require_once('C:\\project bu kurniati\\ci4\\public\\index.php')
CRITICAL - 2024-11-18 02:53:50 --> CodeIgniter\View\Exceptions\ViewException: Invalid file: "search_results.php"
[Method: GET, Route: search/results]
in SYSTEMPATH\Exceptions\FrameworkException.php on line 41.
 1 SYSTEMPATH\View\View.php(222): CodeIgniter\Exceptions\FrameworkException::forInvalidFile('search_results.php')
 2 SYSTEMPATH\Common.php(1171): CodeIgniter\View\View->render('search_results', [], true)
 3 APPPATH\Controllers\SearchController.php(34): view('search_results', [...])
 4 SYSTEMPATH\CodeIgniter.php(933): App\Controllers\SearchController->results()
 5 SYSTEMPATH\CodeIgniter.php(509): CodeIgniter\CodeIgniter->runController(Object(App\Controllers\SearchController))
 6 SYSTEMPATH\CodeIgniter.php(355): CodeIgniter\CodeIgniter->handleRequest(null, Object(Config\Cache), false)
 7 SYSTEMPATH\Boot.php(325): CodeIgniter\CodeIgniter->run()
 8 SYSTEMPATH\Boot.php(67): CodeIgniter\Boot::runCodeIgniter(Object(CodeIgniter\CodeIgniter))
 9 FCPATH\index.php(56): CodeIgniter\Boot::bootWeb(Object(Config\Paths))
10 SYSTEMPATH\rewrite.php(44): require_once('C:\\project bu kurniati\\ci4\\public\\index.php')
CRITICAL - 2024-11-18 02:53:50 --> CodeIgniter\View\Exceptions\ViewException: Invalid file: "search_results.php"
[Method: GET, Route: search/results]
in SYSTEMPATH\Exceptions\FrameworkException.php on line 41.
 1 SYSTEMPATH\View\View.php(222): CodeIgniter\Exceptions\FrameworkException::forInvalidFile('search_results.php')
 2 SYSTEMPATH\Common.php(1171): CodeIgniter\View\View->render('search_results', [], true)
 3 APPPATH\Controllers\SearchController.php(34): view('search_results', [...])
 4 SYSTEMPATH\CodeIgniter.php(933): App\Controllers\SearchController->results()
 5 SYSTEMPATH\CodeIgniter.php(509): CodeIgniter\CodeIgniter->runController(Object(App\Controllers\SearchController))
 6 SYSTEMPATH\CodeIgniter.php(355): CodeIgniter\CodeIgniter->handleRequest(null, Object(Config\Cache), false)
 7 SYSTEMPATH\Boot.php(325): CodeIgniter\CodeIgniter->run()
 8 SYSTEMPATH\Boot.php(67): CodeIgniter\Boot::runCodeIgniter(Object(CodeIgniter\CodeIgniter))
 9 FCPATH\index.php(56): CodeIgniter\Boot::bootWeb(Object(Config\Paths))
10 SYSTEMPATH\rewrite.php(44): require_once('C:\\project bu kurniati\\ci4\\public\\index.php')
CRITICAL - 2024-11-18 02:55:56 --> CodeIgniter\View\Exceptions\ViewException: Invalid file: "search_results.php"
[Method: GET, Route: search/results]
in SYSTEMPATH\Exceptions\FrameworkException.php on line 41.
 1 SYSTEMPATH\View\View.php(222): CodeIgniter\Exceptions\FrameworkException::forInvalidFile('search_results.php')
 2 SYSTEMPATH\Common.php(1171): CodeIgniter\View\View->render('search_results', [], true)
 3 APPPATH\Controllers\SearchController.php(34): view('search_results', [...])
 4 SYSTEMPATH\CodeIgniter.php(933): App\Controllers\SearchController->results()
 5 SYSTEMPATH\CodeIgniter.php(509): CodeIgniter\CodeIgniter->runController(Object(App\Controllers\SearchController))
 6 SYSTEMPATH\CodeIgniter.php(355): CodeIgniter\CodeIgniter->handleRequest(null, Object(Config\Cache), false)
 7 SYSTEMPATH\Boot.php(325): CodeIgniter\CodeIgniter->run()
 8 SYSTEMPATH\Boot.php(67): CodeIgniter\Boot::runCodeIgniter(Object(CodeIgniter\CodeIgniter))
 9 FCPATH\index.php(56): CodeIgniter\Boot::bootWeb(Object(Config\Paths))
10 SYSTEMPATH\rewrite.php(44): require_once('C:\\project bu kurniati\\ci4\\public\\index.php')
CRITICAL - 2024-11-18 02:55:56 --> CodeIgniter\View\Exceptions\ViewException: Invalid file: "search_results.php"
[Method: GET, Route: search/results]
in SYSTEMPATH\Exceptions\FrameworkException.php on line 41.
 1 SYSTEMPATH\View\View.php(222): CodeIgniter\Exceptions\FrameworkException::forInvalidFile('search_results.php')
 2 SYSTEMPATH\Common.php(1171): CodeIgniter\View\View->render('search_results', [], true)
 3 APPPATH\Controllers\SearchController.php(34): view('search_results', [...])
 4 SYSTEMPATH\CodeIgniter.php(933): App\Controllers\SearchController->results()
 5 SYSTEMPATH\CodeIgniter.php(509): CodeIgniter\CodeIgniter->runController(Object(App\Controllers\SearchController))
 6 SYSTEMPATH\CodeIgniter.php(355): CodeIgniter\CodeIgniter->handleRequest(null, Object(Config\Cache), false)
 7 SYSTEMPATH\Boot.php(325): CodeIgniter\CodeIgniter->run()
 8 SYSTEMPATH\Boot.php(67): CodeIgniter\Boot::runCodeIgniter(Object(CodeIgniter\CodeIgniter))
 9 FCPATH\index.php(56): CodeIgniter\Boot::bootWeb(Object(Config\Paths))
10 SYSTEMPATH\rewrite.php(44): require_once('C:\\project bu kurniati\\ci4\\public\\index.php')
CRITICAL - 2024-11-18 02:57:44 --> CodeIgniter\View\Exceptions\ViewException: Invalid file: "search_results.php"
[Method: GET, Route: search/results]
in SYSTEMPATH\Exceptions\FrameworkException.php on line 41.
 1 SYSTEMPATH\View\View.php(222): CodeIgniter\Exceptions\FrameworkException::forInvalidFile('search_results.php')
 2 SYSTEMPATH\Common.php(1171): CodeIgniter\View\View->render('search_results', [], true)
 3 APPPATH\Controllers\SearchController.php(34): view('search_results', [...])
 4 SYSTEMPATH\CodeIgniter.php(933): App\Controllers\SearchController->results()
 5 SYSTEMPATH\CodeIgniter.php(509): CodeIgniter\CodeIgniter->runController(Object(App\Controllers\SearchController))
 6 SYSTEMPATH\CodeIgniter.php(355): CodeIgniter\CodeIgniter->handleRequest(null, Object(Config\Cache), false)
 7 SYSTEMPATH\Boot.php(325): CodeIgniter\CodeIgniter->run()
 8 SYSTEMPATH\Boot.php(67): CodeIgniter\Boot::runCodeIgniter(Object(CodeIgniter\CodeIgniter))
 9 FCPATH\index.php(56): CodeIgniter\Boot::bootWeb(Object(Config\Paths))
10 SYSTEMPATH\rewrite.php(44): require_once('C:\\project bu kurniati\\ci4\\public\\index.php')
CRITICAL - 2024-11-18 02:57:45 --> CodeIgniter\View\Exceptions\ViewException: Invalid file: "search_results.php"
[Method: GET, Route: search/results]
in SYSTEMPATH\Exceptions\FrameworkException.php on line 41.
 1 SYSTEMPATH\View\View.php(222): CodeIgniter\Exceptions\FrameworkException::forInvalidFile('search_results.php')
 2 SYSTEMPATH\Common.php(1171): CodeIgniter\View\View->render('search_results', [], true)
 3 APPPATH\Controllers\SearchController.php(34): view('search_results', [...])
 4 SYSTEMPATH\CodeIgniter.php(933): App\Controllers\SearchController->results()
 5 SYSTEMPATH\CodeIgniter.php(509): CodeIgniter\CodeIgniter->runController(Object(App\Controllers\SearchController))
 6 SYSTEMPATH\CodeIgniter.php(355): CodeIgniter\CodeIgniter->handleRequest(null, Object(Config\Cache), false)
 7 SYSTEMPATH\Boot.php(325): CodeIgniter\CodeIgniter->run()
 8 SYSTEMPATH\Boot.php(67): CodeIgniter\Boot::runCodeIgniter(Object(CodeIgniter\CodeIgniter))
 9 FCPATH\index.php(56): CodeIgniter\Boot::bootWeb(Object(Config\Paths))
10 SYSTEMPATH\rewrite.php(44): require_once('C:\\project bu kurniati\\ci4\\public\\index.php')
CRITICAL - 2024-11-18 02:58:59 --> CodeIgniter\View\Exceptions\ViewException: Invalid file: "search_results.php"
[Method: GET, Route: search/results]
in SYSTEMPATH\Exceptions\FrameworkException.php on line 41.
 1 SYSTEMPATH\View\View.php(222): CodeIgniter\Exceptions\FrameworkException::forInvalidFile('search_results.php')
 2 SYSTEMPATH\Common.php(1171): CodeIgniter\View\View->render('search_results', [], true)
 3 APPPATH\Controllers\SearchController.php(34): view('search_results', [...])
 4 SYSTEMPATH\CodeIgniter.php(933): App\Controllers\SearchController->results()
 5 SYSTEMPATH\CodeIgniter.php(509): CodeIgniter\CodeIgniter->runController(Object(App\Controllers\SearchController))
 6 SYSTEMPATH\CodeIgniter.php(355): CodeIgniter\CodeIgniter->handleRequest(null, Object(Config\Cache), false)
 7 SYSTEMPATH\Boot.php(325): CodeIgniter\CodeIgniter->run()
 8 SYSTEMPATH\Boot.php(67): CodeIgniter\Boot::runCodeIgniter(Object(CodeIgniter\CodeIgniter))
 9 FCPATH\index.php(56): CodeIgniter\Boot::bootWeb(Object(Config\Paths))
10 SYSTEMPATH\rewrite.php(44): require_once('C:\\project bu kurniati\\ci4\\public\\index.php')
CRITICAL - 2024-11-18 02:58:59 --> CodeIgniter\View\Exceptions\ViewException: Invalid file: "search_results.php"
[Method: GET, Route: search/results]
in SYSTEMPATH\Exceptions\FrameworkException.php on line 41.
 1 SYSTEMPATH\View\View.php(222): CodeIgniter\Exceptions\FrameworkException::forInvalidFile('search_results.php')
 2 SYSTEMPATH\Common.php(1171): CodeIgniter\View\View->render('search_results', [], true)
 3 APPPATH\Controllers\SearchController.php(34): view('search_results', [...])
 4 SYSTEMPATH\CodeIgniter.php(933): App\Controllers\SearchController->results()
 5 SYSTEMPATH\CodeIgniter.php(509): CodeIgniter\CodeIgniter->runController(Object(App\Controllers\SearchController))
 6 SYSTEMPATH\CodeIgniter.php(355): CodeIgniter\CodeIgniter->handleRequest(null, Object(Config\Cache), false)
 7 SYSTEMPATH\Boot.php(325): CodeIgniter\CodeIgniter->run()
 8 SYSTEMPATH\Boot.php(67): CodeIgniter\Boot::runCodeIgniter(Object(CodeIgniter\CodeIgniter))
 9 FCPATH\index.php(56): CodeIgniter\Boot::bootWeb(Object(Config\Paths))
10 SYSTEMPATH\rewrite.php(44): require_once('C:\\project bu kurniati\\ci4\\public\\index.php')
CRITICAL - 2024-11-18 03:01:05 --> CodeIgniter\View\Exceptions\ViewException: Invalid file: "search_results.php"
[Method: POST, Route: search/results]
in SYSTEMPATH\Exceptions\FrameworkException.php on line 41.
 1 SYSTEMPATH\View\View.php(222): CodeIgniter\Exceptions\FrameworkException::forInvalidFile('search_results.php')
 2 SYSTEMPATH\Common.php(1171): CodeIgniter\View\View->render('search_results', [], true)
 3 APPPATH\Controllers\SearchController.php(38): view('search_results', [...])
 4 SYSTEMPATH\CodeIgniter.php(933): App\Controllers\SearchController->results()
 5 SYSTEMPATH\CodeIgniter.php(509): CodeIgniter\CodeIgniter->runController(Object(App\Controllers\SearchController))
 6 SYSTEMPATH\CodeIgniter.php(355): CodeIgniter\CodeIgniter->handleRequest(null, Object(Config\Cache), false)
 7 SYSTEMPATH\Boot.php(325): CodeIgniter\CodeIgniter->run()
 8 SYSTEMPATH\Boot.php(67): CodeIgniter\Boot::runCodeIgniter(Object(CodeIgniter\CodeIgniter))
 9 FCPATH\index.php(56): CodeIgniter\Boot::bootWeb(Object(Config\Paths))
10 SYSTEMPATH\rewrite.php(44): require_once('C:\\project bu kurniati\\ci4\\public\\index.php')
CRITICAL - 2024-11-18 03:02:06 --> CodeIgniter\View\Exceptions\ViewException: Invalid file: "search_results.php"
[Method: POST, Route: search/results]
in SYSTEMPATH\Exceptions\FrameworkException.php on line 41.
 1 SYSTEMPATH\View\View.php(222): CodeIgniter\Exceptions\FrameworkException::forInvalidFile('search_results.php')
 2 SYSTEMPATH\Common.php(1171): CodeIgniter\View\View->render('search_results', [], true)
 3 APPPATH\Controllers\SearchController.php(38): view('search_results', [...])
 4 SYSTEMPATH\CodeIgniter.php(933): App\Controllers\SearchController->results()
 5 SYSTEMPATH\CodeIgniter.php(509): CodeIgniter\CodeIgniter->runController(Object(App\Controllers\SearchController))
 6 SYSTEMPATH\CodeIgniter.php(355): CodeIgniter\CodeIgniter->handleRequest(null, Object(Config\Cache), false)
 7 SYSTEMPATH\Boot.php(325): CodeIgniter\CodeIgniter->run()
 8 SYSTEMPATH\Boot.php(67): CodeIgniter\Boot::runCodeIgniter(Object(CodeIgniter\CodeIgniter))
 9 FCPATH\index.php(56): CodeIgniter\Boot::bootWeb(Object(Config\Paths))
10 SYSTEMPATH\rewrite.php(44): require_once('C:\\project bu kurniati\\ci4\\public\\index.php')
CRITICAL - 2024-11-18 03:02:11 --> CodeIgniter\View\Exceptions\ViewException: Invalid file: "search_results.php"
[Method: POST, Route: search/results]
in SYSTEMPATH\Exceptions\FrameworkException.php on line 41.
 1 SYSTEMPATH\View\View.php(222): CodeIgniter\Exceptions\FrameworkException::forInvalidFile('search_results.php')
 2 SYSTEMPATH\Common.php(1171): CodeIgniter\View\View->render('search_results', [], true)
 3 APPPATH\Controllers\SearchController.php(38): view('search_results', [...])
 4 SYSTEMPATH\CodeIgniter.php(933): App\Controllers\SearchController->results()
 5 SYSTEMPATH\CodeIgniter.php(509): CodeIgniter\CodeIgniter->runController(Object(App\Controllers\SearchController))
 6 SYSTEMPATH\CodeIgniter.php(355): CodeIgniter\CodeIgniter->handleRequest(null, Object(Config\Cache), false)
 7 SYSTEMPATH\Boot.php(325): CodeIgniter\CodeIgniter->run()
 8 SYSTEMPATH\Boot.php(67): CodeIgniter\Boot::runCodeIgniter(Object(CodeIgniter\CodeIgniter))
 9 FCPATH\index.php(56): CodeIgniter\Boot::bootWeb(Object(Config\Paths))
10 SYSTEMPATH\rewrite.php(44): require_once('C:\\project bu kurniati\\ci4\\public\\index.php')
CRITICAL - 2024-11-18 03:04:48 --> CodeIgniter\View\Exceptions\ViewException: Invalid file: "search_results.php"
[Method: POST, Route: search/results]
in SYSTEMPATH\Exceptions\FrameworkException.php on line 41.
 1 SYSTEMPATH\View\View.php(222): CodeIgniter\Exceptions\FrameworkException::forInvalidFile('search_results.php')
 2 SYSTEMPATH\Common.php(1171): CodeIgniter\View\View->render('search_results', [], true)
 3 APPPATH\Controllers\SearchController.php(38): view('search_results', [...])
 4 SYSTEMPATH\CodeIgniter.php(933): App\Controllers\SearchController->results()
 5 SYSTEMPATH\CodeIgniter.php(509): CodeIgniter\CodeIgniter->runController(Object(App\Controllers\SearchController))
 6 SYSTEMPATH\CodeIgniter.php(355): CodeIgniter\CodeIgniter->handleRequest(null, Object(Config\Cache), false)
 7 SYSTEMPATH\Boot.php(325): CodeIgniter\CodeIgniter->run()
 8 SYSTEMPATH\Boot.php(67): CodeIgniter\Boot::runCodeIgniter(Object(CodeIgniter\CodeIgniter))
 9 FCPATH\index.php(56): CodeIgniter\Boot::bootWeb(Object(Config\Paths))
10 SYSTEMPATH\rewrite.php(44): require_once('C:\\project bu kurniati\\ci4\\public\\index.php')
CRITICAL - 2024-11-18 03:04:52 --> CodeIgniter\View\Exceptions\ViewException: Invalid file: "search_results.php"
[Method: POST, Route: search/results]
in SYSTEMPATH\Exceptions\FrameworkException.php on line 41.
 1 SYSTEMPATH\View\View.php(222): CodeIgniter\Exceptions\FrameworkException::forInvalidFile('search_results.php')
 2 SYSTEMPATH\Common.php(1171): CodeIgniter\View\View->render('search_results', [], true)
 3 APPPATH\Controllers\SearchController.php(38): view('search_results', [...])
 4 SYSTEMPATH\CodeIgniter.php(933): App\Controllers\SearchController->results()
 5 SYSTEMPATH\CodeIgniter.php(509): CodeIgniter\CodeIgniter->runController(Object(App\Controllers\SearchController))
 6 SYSTEMPATH\CodeIgniter.php(355): CodeIgniter\CodeIgniter->handleRequest(null, Object(Config\Cache), false)
 7 SYSTEMPATH\Boot.php(325): CodeIgniter\CodeIgniter->run()
 8 SYSTEMPATH\Boot.php(67): CodeIgniter\Boot::runCodeIgniter(Object(CodeIgniter\CodeIgniter))
 9 FCPATH\index.php(56): CodeIgniter\Boot::bootWeb(Object(Config\Paths))
10 SYSTEMPATH\rewrite.php(44): require_once('C:\\project bu kurniati\\ci4\\public\\index.php')
CRITICAL - 2024-11-18 03:05:31 --> CodeIgniter\View\Exceptions\ViewException: Invalid file: "search_results.php"
[Method: POST, Route: search/results]
in SYSTEMPATH\Exceptions\FrameworkException.php on line 41.
 1 SYSTEMPATH\View\View.php(222): CodeIgniter\Exceptions\FrameworkException::forInvalidFile('search_results.php')
 2 SYSTEMPATH\Common.php(1171): CodeIgniter\View\View->render('search_results', [], true)
 3 APPPATH\Controllers\SearchController.php(38): view('search_results', [...])
 4 SYSTEMPATH\CodeIgniter.php(933): App\Controllers\SearchController->results()
 5 SYSTEMPATH\CodeIgniter.php(509): CodeIgniter\CodeIgniter->runController(Object(App\Controllers\SearchController))
 6 SYSTEMPATH\CodeIgniter.php(355): CodeIgniter\CodeIgniter->handleRequest(null, Object(Config\Cache), false)
 7 SYSTEMPATH\Boot.php(325): CodeIgniter\CodeIgniter->run()
 8 SYSTEMPATH\Boot.php(67): CodeIgniter\Boot::runCodeIgniter(Object(CodeIgniter\CodeIgniter))
 9 FCPATH\index.php(56): CodeIgniter\Boot::bootWeb(Object(Config\Paths))
10 SYSTEMPATH\rewrite.php(44): require_once('C:\\project bu kurniati\\ci4\\public\\index.php')
ERROR - 2024-11-18 03:06:59 --> Invalid file: "search_results.php"
ERROR - 2024-11-18 03:07:00 --> Invalid file: "search_results.php"
ERROR - 2024-11-18 03:07:09 --> Invalid file: "search_results.php"
ERROR - 2024-11-18 03:07:09 --> Invalid file: "search_results.php"
ERROR - 2024-11-18 03:07:19 --> Invalid file: "search_results.php"
ERROR - 2024-11-18 03:07:19 --> Invalid file: "search_results.php"
ERROR - 2024-11-18 03:08:09 --> Invalid file: "search_results.php"
ERROR - 2024-11-18 03:08:09 --> Invalid file: "search_results.php"
