CRITICAL - 2024-10-10 02:52:58 --> CodeIgniter\View\Exceptions\ViewException: Invalid file: "navbar.php"
[Method: GET, Route: reviews]
in SYSTEMPATH\Exceptions\FrameworkException.php on line 41.
 1 SYSTEMPATH\View\View.php(222): CodeIgniter\Exceptions\FrameworkException::forInvalidFile('navbar.php')
 2 SYSTEMPATH\View\View.php(487): CodeIgniter\View\View->render('navbar', null, true)
 3 APPPATH\Views\reviews.php(11): CodeIgniter\View\View->include('navbar')
 4 SYSTEMPATH\View\View.php(234): include('C:\\project bu kurniati\\ci4\\app\\Views\\reviews.php')
 5 SYSTEMPATH\View\View.php(237): CodeIgniter\View\View->CodeIgniter\View\{closure}()
 6 SYSTEMPATH\Common.php(1171): CodeIgniter\View\View->render('reviews', [], true)
 7 APPPATH\Controllers\Page.php(7): view('reviews')
 8 SYSTEMPATH\CodeIgniter.php(933): App\Controllers\Page->reviews()
 9 SYSTEMPATH\CodeIgniter.php(509): CodeIgniter\CodeIgniter->runController(Object(App\Controllers\Page))
10 SYSTEMPATH\CodeIgniter.php(355): CodeIgniter\CodeIgniter->handleRequest(null, Object(Config\Cache), false)
11 SYSTEMPATH\Boot.php(325): CodeIgniter\CodeIgniter->run()
12 SYSTEMPATH\Boot.php(67): CodeIgniter\Boot::runCodeIgniter(Object(CodeIgniter\CodeIgniter))
13 FCPATH\index.php(56): CodeIgniter\Boot::bootWeb(Object(Config\Paths))
14 SYSTEMPATH\rewrite.php(44): require_once('C:\\project bu kurniati\\ci4\\public\\index.php')
CRITICAL - 2024-10-10 02:52:58 --> CodeIgniter\View\Exceptions\ViewException: Invalid file: "navbar.php"
[Method: GET, Route: reviews]
in SYSTEMPATH\Exceptions\FrameworkException.php on line 41.
 1 SYSTEMPATH\View\View.php(222): CodeIgniter\Exceptions\FrameworkException::forInvalidFile('navbar.php')
 2 SYSTEMPATH\View\View.php(487): CodeIgniter\View\View->render('navbar', null, true)
 3 APPPATH\Views\reviews.php(11): CodeIgniter\View\View->include('navbar')
 4 SYSTEMPATH\View\View.php(234): include('C:\\project bu kurniati\\ci4\\app\\Views\\reviews.php')
 5 SYSTEMPATH\View\View.php(237): CodeIgniter\View\View->CodeIgniter\View\{closure}()
 6 SYSTEMPATH\Common.php(1171): CodeIgniter\View\View->render('reviews', [], true)
 7 APPPATH\Controllers\Page.php(7): view('reviews')
 8 SYSTEMPATH\CodeIgniter.php(933): App\Controllers\Page->reviews()
 9 SYSTEMPATH\CodeIgniter.php(509): CodeIgniter\CodeIgniter->runController(Object(App\Controllers\Page))
10 SYSTEMPATH\CodeIgniter.php(355): CodeIgniter\CodeIgniter->handleRequest(null, Object(Config\Cache), false)
11 SYSTEMPATH\Boot.php(325): CodeIgniter\CodeIgniter->run()
12 SYSTEMPATH\Boot.php(67): CodeIgniter\Boot::runCodeIgniter(Object(CodeIgniter\CodeIgniter))
13 FCPATH\index.php(56): CodeIgniter\Boot::bootWeb(Object(Config\Paths))
14 SYSTEMPATH\rewrite.php(44): require_once('C:\\project bu kurniati\\ci4\\public\\index.php')
CRITICAL - 2024-10-10 07:55:31 --> CodeIgniter\View\Exceptions\ViewException: Invalid file: "partials/navbar.php"
[Method: GET, Route: review]
in SYSTEMPATH\Exceptions\FrameworkException.php on line 41.
 1 SYSTEMPATH\View\View.php(222): CodeIgniter\Exceptions\FrameworkException::forInvalidFile('partials/navbar.php')
 2 SYSTEMPATH\View\View.php(487): CodeIgniter\View\View->render('partials/navbar', null, true)
 3 APPPATH\Views\template.php(13): CodeIgniter\View\View->include('partials/navbar')
 4 SYSTEMPATH\View\View.php(234): include('C:\\project bu kurniati\\ci4\\app\\Views\\template.php')
 5 SYSTEMPATH\View\View.php(237): CodeIgniter\View\View->CodeIgniter\View\{closure}()
 6 SYSTEMPATH\View\View.php(250): CodeIgniter\View\View->render('template', [], true)
 7 SYSTEMPATH\Common.php(1171): CodeIgniter\View\View->render('review', [], true)
 8 APPPATH\Controllers\Page.php(7): view('review', [...])
 9 SYSTEMPATH\CodeIgniter.php(933): App\Controllers\Page->review()
10 SYSTEMPATH\CodeIgniter.php(509): CodeIgniter\CodeIgniter->runController(Object(App\Controllers\Page))
11 SYSTEMPATH\CodeIgniter.php(355): CodeIgniter\CodeIgniter->handleRequest(null, Object(Config\Cache), false)
12 SYSTEMPATH\Boot.php(325): CodeIgniter\CodeIgniter->run()
13 SYSTEMPATH\Boot.php(67): CodeIgniter\Boot::runCodeIgniter(Object(CodeIgniter\CodeIgniter))
14 FCPATH\index.php(56): CodeIgniter\Boot::bootWeb(Object(Config\Paths))
15 SYSTEMPATH\rewrite.php(44): require_once('C:\\project bu kurniati\\ci4\\public\\index.php')
CRITICAL - 2024-10-10 07:55:31 --> CodeIgniter\View\Exceptions\ViewException: Invalid file: "partials/navbar.php"
[Method: GET, Route: review]
in SYSTEMPATH\Exceptions\FrameworkException.php on line 41.
 1 SYSTEMPATH\View\View.php(222): CodeIgniter\Exceptions\FrameworkException::forInvalidFile('partials/navbar.php')
 2 SYSTEMPATH\View\View.php(487): CodeIgniter\View\View->render('partials/navbar', null, true)
 3 APPPATH\Views\template.php(13): CodeIgniter\View\View->include('partials/navbar')
 4 SYSTEMPATH\View\View.php(234): include('C:\\project bu kurniati\\ci4\\app\\Views\\template.php')
 5 SYSTEMPATH\View\View.php(237): CodeIgniter\View\View->CodeIgniter\View\{closure}()
 6 SYSTEMPATH\View\View.php(250): CodeIgniter\View\View->render('template', [], true)
 7 SYSTEMPATH\Common.php(1171): CodeIgniter\View\View->render('review', [], true)
 8 APPPATH\Controllers\Page.php(7): view('review', [...])
 9 SYSTEMPATH\CodeIgniter.php(933): App\Controllers\Page->review()
10 SYSTEMPATH\CodeIgniter.php(509): CodeIgniter\CodeIgniter->runController(Object(App\Controllers\Page))
11 SYSTEMPATH\CodeIgniter.php(355): CodeIgniter\CodeIgniter->handleRequest(null, Object(Config\Cache), false)
12 SYSTEMPATH\Boot.php(325): CodeIgniter\CodeIgniter->run()
13 SYSTEMPATH\Boot.php(67): CodeIgniter\Boot::runCodeIgniter(Object(CodeIgniter\CodeIgniter))
14 FCPATH\index.php(56): CodeIgniter\Boot::bootWeb(Object(Config\Paths))
15 SYSTEMPATH\rewrite.php(44): require_once('C:\\project bu kurniati\\ci4\\public\\index.php')
CRITICAL - 2024-10-10 07:55:33 --> CodeIgniter\View\Exceptions\ViewException: Invalid file: "partials/navbar.php"
[Method: GET, Route: review]
in SYSTEMPATH\Exceptions\FrameworkException.php on line 41.
 1 SYSTEMPATH\View\View.php(222): CodeIgniter\Exceptions\FrameworkException::forInvalidFile('partials/navbar.php')
 2 SYSTEMPATH\View\View.php(487): CodeIgniter\View\View->render('partials/navbar', null, true)
 3 APPPATH\Views\template.php(13): CodeIgniter\View\View->include('partials/navbar')
 4 SYSTEMPATH\View\View.php(234): include('C:\\project bu kurniati\\ci4\\app\\Views\\template.php')
 5 SYSTEMPATH\View\View.php(237): CodeIgniter\View\View->CodeIgniter\View\{closure}()
 6 SYSTEMPATH\View\View.php(250): CodeIgniter\View\View->render('template', [], true)
 7 SYSTEMPATH\Common.php(1171): CodeIgniter\View\View->render('review', [], true)
 8 APPPATH\Controllers\Page.php(7): view('review', [...])
 9 SYSTEMPATH\CodeIgniter.php(933): App\Controllers\Page->review()
10 SYSTEMPATH\CodeIgniter.php(509): CodeIgniter\CodeIgniter->runController(Object(App\Controllers\Page))
11 SYSTEMPATH\CodeIgniter.php(355): CodeIgniter\CodeIgniter->handleRequest(null, Object(Config\Cache), false)
12 SYSTEMPATH\Boot.php(325): CodeIgniter\CodeIgniter->run()
13 SYSTEMPATH\Boot.php(67): CodeIgniter\Boot::runCodeIgniter(Object(CodeIgniter\CodeIgniter))
14 FCPATH\index.php(56): CodeIgniter\Boot::bootWeb(Object(Config\Paths))
15 SYSTEMPATH\rewrite.php(44): require_once('C:\\project bu kurniati\\ci4\\public\\index.php')
CRITICAL - 2024-10-10 07:55:33 --> CodeIgniter\View\Exceptions\ViewException: Invalid file: "partials/navbar.php"
[Method: GET, Route: review]
in SYSTEMPATH\Exceptions\FrameworkException.php on line 41.
 1 SYSTEMPATH\View\View.php(222): CodeIgniter\Exceptions\FrameworkException::forInvalidFile('partials/navbar.php')
 2 SYSTEMPATH\View\View.php(487): CodeIgniter\View\View->render('partials/navbar', null, true)
 3 APPPATH\Views\template.php(13): CodeIgniter\View\View->include('partials/navbar')
 4 SYSTEMPATH\View\View.php(234): include('C:\\project bu kurniati\\ci4\\app\\Views\\template.php')
 5 SYSTEMPATH\View\View.php(237): CodeIgniter\View\View->CodeIgniter\View\{closure}()
 6 SYSTEMPATH\View\View.php(250): CodeIgniter\View\View->render('template', [], true)
 7 SYSTEMPATH\Common.php(1171): CodeIgniter\View\View->render('review', [], true)
 8 APPPATH\Controllers\Page.php(7): view('review', [...])
 9 SYSTEMPATH\CodeIgniter.php(933): App\Controllers\Page->review()
10 SYSTEMPATH\CodeIgniter.php(509): CodeIgniter\CodeIgniter->runController(Object(App\Controllers\Page))
11 SYSTEMPATH\CodeIgniter.php(355): CodeIgniter\CodeIgniter->handleRequest(null, Object(Config\Cache), false)
12 SYSTEMPATH\Boot.php(325): CodeIgniter\CodeIgniter->run()
13 SYSTEMPATH\Boot.php(67): CodeIgniter\Boot::runCodeIgniter(Object(CodeIgniter\CodeIgniter))
14 FCPATH\index.php(56): CodeIgniter\Boot::bootWeb(Object(Config\Paths))
15 SYSTEMPATH\rewrite.php(44): require_once('C:\\project bu kurniati\\ci4\\public\\index.php')
CRITICAL - 2024-10-10 07:56:28 --> CodeIgniter\View\Exceptions\ViewException: Invalid file: "partials/navbar.php"
[Method: GET, Route: review]
in SYSTEMPATH\Exceptions\FrameworkException.php on line 41.
 1 SYSTEMPATH\View\View.php(222): CodeIgniter\Exceptions\FrameworkException::forInvalidFile('partials/navbar.php')
 2 SYSTEMPATH\View\View.php(487): CodeIgniter\View\View->render('partials/navbar', null, true)
 3 APPPATH\Views\template.php(13): CodeIgniter\View\View->include('partials/navbar')
 4 SYSTEMPATH\View\View.php(234): include('C:\\project bu kurniati\\ci4\\app\\Views\\template.php')
 5 SYSTEMPATH\View\View.php(237): CodeIgniter\View\View->CodeIgniter\View\{closure}()
 6 SYSTEMPATH\View\View.php(250): CodeIgniter\View\View->render('template', [], true)
 7 SYSTEMPATH\Common.php(1171): CodeIgniter\View\View->render('review', [], true)
 8 APPPATH\Controllers\Page.php(7): view('review', [...])
 9 SYSTEMPATH\CodeIgniter.php(933): App\Controllers\Page->review()
10 SYSTEMPATH\CodeIgniter.php(509): CodeIgniter\CodeIgniter->runController(Object(App\Controllers\Page))
11 SYSTEMPATH\CodeIgniter.php(355): CodeIgniter\CodeIgniter->handleRequest(null, Object(Config\Cache), false)
12 SYSTEMPATH\Boot.php(325): CodeIgniter\CodeIgniter->run()
13 SYSTEMPATH\Boot.php(67): CodeIgniter\Boot::runCodeIgniter(Object(CodeIgniter\CodeIgniter))
14 FCPATH\index.php(56): CodeIgniter\Boot::bootWeb(Object(Config\Paths))
15 SYSTEMPATH\rewrite.php(44): require_once('C:\\project bu kurniati\\ci4\\public\\index.php')
CRITICAL - 2024-10-10 07:56:28 --> CodeIgniter\View\Exceptions\ViewException: Invalid file: "partials/navbar.php"
[Method: GET, Route: review]
in SYSTEMPATH\Exceptions\FrameworkException.php on line 41.
 1 SYSTEMPATH\View\View.php(222): CodeIgniter\Exceptions\FrameworkException::forInvalidFile('partials/navbar.php')
 2 SYSTEMPATH\View\View.php(487): CodeIgniter\View\View->render('partials/navbar', null, true)
 3 APPPATH\Views\template.php(13): CodeIgniter\View\View->include('partials/navbar')
 4 SYSTEMPATH\View\View.php(234): include('C:\\project bu kurniati\\ci4\\app\\Views\\template.php')
 5 SYSTEMPATH\View\View.php(237): CodeIgniter\View\View->CodeIgniter\View\{closure}()
 6 SYSTEMPATH\View\View.php(250): CodeIgniter\View\View->render('template', [], true)
 7 SYSTEMPATH\Common.php(1171): CodeIgniter\View\View->render('review', [], true)
 8 APPPATH\Controllers\Page.php(7): view('review', [...])
 9 SYSTEMPATH\CodeIgniter.php(933): App\Controllers\Page->review()
10 SYSTEMPATH\CodeIgniter.php(509): CodeIgniter\CodeIgniter->runController(Object(App\Controllers\Page))
11 SYSTEMPATH\CodeIgniter.php(355): CodeIgniter\CodeIgniter->handleRequest(null, Object(Config\Cache), false)
12 SYSTEMPATH\Boot.php(325): CodeIgniter\CodeIgniter->run()
13 SYSTEMPATH\Boot.php(67): CodeIgniter\Boot::runCodeIgniter(Object(CodeIgniter\CodeIgniter))
14 FCPATH\index.php(56): CodeIgniter\Boot::bootWeb(Object(Config\Paths))
15 SYSTEMPATH\rewrite.php(44): require_once('C:\\project bu kurniati\\ci4\\public\\index.php')
CRITICAL - 2024-10-10 07:56:29 --> CodeIgniter\View\Exceptions\ViewException: Invalid file: "partials/navbar.php"
[Method: GET, Route: review]
in SYSTEMPATH\Exceptions\FrameworkException.php on line 41.
 1 SYSTEMPATH\View\View.php(222): CodeIgniter\Exceptions\FrameworkException::forInvalidFile('partials/navbar.php')
 2 SYSTEMPATH\View\View.php(487): CodeIgniter\View\View->render('partials/navbar', null, true)
 3 APPPATH\Views\template.php(13): CodeIgniter\View\View->include('partials/navbar')
 4 SYSTEMPATH\View\View.php(234): include('C:\\project bu kurniati\\ci4\\app\\Views\\template.php')
 5 SYSTEMPATH\View\View.php(237): CodeIgniter\View\View->CodeIgniter\View\{closure}()
 6 SYSTEMPATH\View\View.php(250): CodeIgniter\View\View->render('template', [], true)
 7 SYSTEMPATH\Common.php(1171): CodeIgniter\View\View->render('review', [], true)
 8 APPPATH\Controllers\Page.php(7): view('review', [...])
 9 SYSTEMPATH\CodeIgniter.php(933): App\Controllers\Page->review()
10 SYSTEMPATH\CodeIgniter.php(509): CodeIgniter\CodeIgniter->runController(Object(App\Controllers\Page))
11 SYSTEMPATH\CodeIgniter.php(355): CodeIgniter\CodeIgniter->handleRequest(null, Object(Config\Cache), false)
12 SYSTEMPATH\Boot.php(325): CodeIgniter\CodeIgniter->run()
13 SYSTEMPATH\Boot.php(67): CodeIgniter\Boot::runCodeIgniter(Object(CodeIgniter\CodeIgniter))
14 FCPATH\index.php(56): CodeIgniter\Boot::bootWeb(Object(Config\Paths))
15 SYSTEMPATH\rewrite.php(44): require_once('C:\\project bu kurniati\\ci4\\public\\index.php')
CRITICAL - 2024-10-10 07:56:29 --> CodeIgniter\View\Exceptions\ViewException: Invalid file: "partials/navbar.php"
[Method: GET, Route: review]
in SYSTEMPATH\Exceptions\FrameworkException.php on line 41.
 1 SYSTEMPATH\View\View.php(222): CodeIgniter\Exceptions\FrameworkException::forInvalidFile('partials/navbar.php')
 2 SYSTEMPATH\View\View.php(487): CodeIgniter\View\View->render('partials/navbar', null, true)
 3 APPPATH\Views\template.php(13): CodeIgniter\View\View->include('partials/navbar')
 4 SYSTEMPATH\View\View.php(234): include('C:\\project bu kurniati\\ci4\\app\\Views\\template.php')
 5 SYSTEMPATH\View\View.php(237): CodeIgniter\View\View->CodeIgniter\View\{closure}()
 6 SYSTEMPATH\View\View.php(250): CodeIgniter\View\View->render('template', [], true)
 7 SYSTEMPATH\Common.php(1171): CodeIgniter\View\View->render('review', [], true)
 8 APPPATH\Controllers\Page.php(7): view('review', [...])
 9 SYSTEMPATH\CodeIgniter.php(933): App\Controllers\Page->review()
10 SYSTEMPATH\CodeIgniter.php(509): CodeIgniter\CodeIgniter->runController(Object(App\Controllers\Page))
11 SYSTEMPATH\CodeIgniter.php(355): CodeIgniter\CodeIgniter->handleRequest(null, Object(Config\Cache), false)
12 SYSTEMPATH\Boot.php(325): CodeIgniter\CodeIgniter->run()
13 SYSTEMPATH\Boot.php(67): CodeIgniter\Boot::runCodeIgniter(Object(CodeIgniter\CodeIgniter))
14 FCPATH\index.php(56): CodeIgniter\Boot::bootWeb(Object(Config\Paths))
15 SYSTEMPATH\rewrite.php(44): require_once('C:\\project bu kurniati\\ci4\\public\\index.php')
CRITICAL - 2024-10-10 07:57:20 --> CodeIgniter\View\Exceptions\ViewException: Invalid file: "partials/navbar.php"
[Method: GET, Route: review]
in SYSTEMPATH\Exceptions\FrameworkException.php on line 41.
 1 SYSTEMPATH\View\View.php(222): CodeIgniter\Exceptions\FrameworkException::forInvalidFile('partials/navbar.php')
 2 SYSTEMPATH\View\View.php(487): CodeIgniter\View\View->render('partials/navbar', null, true)
 3 APPPATH\Views\template.php(13): CodeIgniter\View\View->include('partials/navbar')
 4 SYSTEMPATH\View\View.php(234): include('C:\\project bu kurniati\\ci4\\app\\Views\\template.php')
 5 SYSTEMPATH\View\View.php(237): CodeIgniter\View\View->CodeIgniter\View\{closure}()
 6 SYSTEMPATH\View\View.php(250): CodeIgniter\View\View->render('template', [], true)
 7 SYSTEMPATH\Common.php(1171): CodeIgniter\View\View->render('review', [], true)
 8 APPPATH\Controllers\Page.php(7): view('review', [...])
 9 SYSTEMPATH\CodeIgniter.php(933): App\Controllers\Page->review()
10 SYSTEMPATH\CodeIgniter.php(509): CodeIgniter\CodeIgniter->runController(Object(App\Controllers\Page))
11 SYSTEMPATH\CodeIgniter.php(355): CodeIgniter\CodeIgniter->handleRequest(null, Object(Config\Cache), false)
12 SYSTEMPATH\Boot.php(325): CodeIgniter\CodeIgniter->run()
13 SYSTEMPATH\Boot.php(67): CodeIgniter\Boot::runCodeIgniter(Object(CodeIgniter\CodeIgniter))
14 FCPATH\index.php(56): CodeIgniter\Boot::bootWeb(Object(Config\Paths))
15 SYSTEMPATH\rewrite.php(44): require_once('C:\\project bu kurniati\\ci4\\public\\index.php')
CRITICAL - 2024-10-10 07:57:20 --> CodeIgniter\View\Exceptions\ViewException: Invalid file: "partials/navbar.php"
[Method: GET, Route: review]
in SYSTEMPATH\Exceptions\FrameworkException.php on line 41.
 1 SYSTEMPATH\View\View.php(222): CodeIgniter\Exceptions\FrameworkException::forInvalidFile('partials/navbar.php')
 2 SYSTEMPATH\View\View.php(487): CodeIgniter\View\View->render('partials/navbar', null, true)
 3 APPPATH\Views\template.php(13): CodeIgniter\View\View->include('partials/navbar')
 4 SYSTEMPATH\View\View.php(234): include('C:\\project bu kurniati\\ci4\\app\\Views\\template.php')
 5 SYSTEMPATH\View\View.php(237): CodeIgniter\View\View->CodeIgniter\View\{closure}()
 6 SYSTEMPATH\View\View.php(250): CodeIgniter\View\View->render('template', [], true)
 7 SYSTEMPATH\Common.php(1171): CodeIgniter\View\View->render('review', [], true)
 8 APPPATH\Controllers\Page.php(7): view('review', [...])
 9 SYSTEMPATH\CodeIgniter.php(933): App\Controllers\Page->review()
10 SYSTEMPATH\CodeIgniter.php(509): CodeIgniter\CodeIgniter->runController(Object(App\Controllers\Page))
11 SYSTEMPATH\CodeIgniter.php(355): CodeIgniter\CodeIgniter->handleRequest(null, Object(Config\Cache), false)
12 SYSTEMPATH\Boot.php(325): CodeIgniter\CodeIgniter->run()
13 SYSTEMPATH\Boot.php(67): CodeIgniter\Boot::runCodeIgniter(Object(CodeIgniter\CodeIgniter))
14 FCPATH\index.php(56): CodeIgniter\Boot::bootWeb(Object(Config\Paths))
15 SYSTEMPATH\rewrite.php(44): require_once('C:\\project bu kurniati\\ci4\\public\\index.php')
CRITICAL - 2024-10-10 07:58:11 --> CodeIgniter\View\Exceptions\ViewException: Invalid file: "partials/navbar.php"
[Method: GET, Route: review]
in SYSTEMPATH\Exceptions\FrameworkException.php on line 41.
 1 SYSTEMPATH\View\View.php(222): CodeIgniter\Exceptions\FrameworkException::forInvalidFile('partials/navbar.php')
 2 SYSTEMPATH\View\View.php(487): CodeIgniter\View\View->render('partials/navbar', null, true)
 3 APPPATH\Views\template.php(13): CodeIgniter\View\View->include('partials/navbar')
 4 SYSTEMPATH\View\View.php(234): include('C:\\project bu kurniati\\ci4\\app\\Views\\template.php')
 5 SYSTEMPATH\View\View.php(237): CodeIgniter\View\View->CodeIgniter\View\{closure}()
 6 SYSTEMPATH\View\View.php(250): CodeIgniter\View\View->render('template', [], true)
 7 SYSTEMPATH\Common.php(1171): CodeIgniter\View\View->render('review', [], true)
 8 APPPATH\Controllers\Page.php(7): view('review', [...])
 9 SYSTEMPATH\CodeIgniter.php(933): App\Controllers\Page->review()
10 SYSTEMPATH\CodeIgniter.php(509): CodeIgniter\CodeIgniter->runController(Object(App\Controllers\Page))
11 SYSTEMPATH\CodeIgniter.php(355): CodeIgniter\CodeIgniter->handleRequest(null, Object(Config\Cache), false)
12 SYSTEMPATH\Boot.php(325): CodeIgniter\CodeIgniter->run()
13 SYSTEMPATH\Boot.php(67): CodeIgniter\Boot::runCodeIgniter(Object(CodeIgniter\CodeIgniter))
14 FCPATH\index.php(56): CodeIgniter\Boot::bootWeb(Object(Config\Paths))
15 SYSTEMPATH\rewrite.php(44): require_once('C:\\project bu kurniati\\ci4\\public\\index.php')
CRITICAL - 2024-10-10 07:58:11 --> CodeIgniter\View\Exceptions\ViewException: Invalid file: "partials/navbar.php"
[Method: GET, Route: review]
in SYSTEMPATH\Exceptions\FrameworkException.php on line 41.
 1 SYSTEMPATH\View\View.php(222): CodeIgniter\Exceptions\FrameworkException::forInvalidFile('partials/navbar.php')
 2 SYSTEMPATH\View\View.php(487): CodeIgniter\View\View->render('partials/navbar', null, true)
 3 APPPATH\Views\template.php(13): CodeIgniter\View\View->include('partials/navbar')
 4 SYSTEMPATH\View\View.php(234): include('C:\\project bu kurniati\\ci4\\app\\Views\\template.php')
 5 SYSTEMPATH\View\View.php(237): CodeIgniter\View\View->CodeIgniter\View\{closure}()
 6 SYSTEMPATH\View\View.php(250): CodeIgniter\View\View->render('template', [], true)
 7 SYSTEMPATH\Common.php(1171): CodeIgniter\View\View->render('review', [], true)
 8 APPPATH\Controllers\Page.php(7): view('review', [...])
 9 SYSTEMPATH\CodeIgniter.php(933): App\Controllers\Page->review()
10 SYSTEMPATH\CodeIgniter.php(509): CodeIgniter\CodeIgniter->runController(Object(App\Controllers\Page))
11 SYSTEMPATH\CodeIgniter.php(355): CodeIgniter\CodeIgniter->handleRequest(null, Object(Config\Cache), false)
12 SYSTEMPATH\Boot.php(325): CodeIgniter\CodeIgniter->run()
13 SYSTEMPATH\Boot.php(67): CodeIgniter\Boot::runCodeIgniter(Object(CodeIgniter\CodeIgniter))
14 FCPATH\index.php(56): CodeIgniter\Boot::bootWeb(Object(Config\Paths))
15 SYSTEMPATH\rewrite.php(44): require_once('C:\\project bu kurniati\\ci4\\public\\index.php')
CRITICAL - 2024-10-10 07:58:14 --> CodeIgniter\View\Exceptions\ViewException: Invalid file: "partials/navbar.php"
[Method: GET, Route: review]
in SYSTEMPATH\Exceptions\FrameworkException.php on line 41.
 1 SYSTEMPATH\View\View.php(222): CodeIgniter\Exceptions\FrameworkException::forInvalidFile('partials/navbar.php')
 2 SYSTEMPATH\View\View.php(487): CodeIgniter\View\View->render('partials/navbar', null, true)
 3 APPPATH\Views\template.php(13): CodeIgniter\View\View->include('partials/navbar')
 4 SYSTEMPATH\View\View.php(234): include('C:\\project bu kurniati\\ci4\\app\\Views\\template.php')
 5 SYSTEMPATH\View\View.php(237): CodeIgniter\View\View->CodeIgniter\View\{closure}()
 6 SYSTEMPATH\View\View.php(250): CodeIgniter\View\View->render('template', [], true)
 7 SYSTEMPATH\Common.php(1171): CodeIgniter\View\View->render('review', [], true)
 8 APPPATH\Controllers\Page.php(7): view('review', [...])
 9 SYSTEMPATH\CodeIgniter.php(933): App\Controllers\Page->review()
10 SYSTEMPATH\CodeIgniter.php(509): CodeIgniter\CodeIgniter->runController(Object(App\Controllers\Page))
11 SYSTEMPATH\CodeIgniter.php(355): CodeIgniter\CodeIgniter->handleRequest(null, Object(Config\Cache), false)
12 SYSTEMPATH\Boot.php(325): CodeIgniter\CodeIgniter->run()
13 SYSTEMPATH\Boot.php(67): CodeIgniter\Boot::runCodeIgniter(Object(CodeIgniter\CodeIgniter))
14 FCPATH\index.php(56): CodeIgniter\Boot::bootWeb(Object(Config\Paths))
15 SYSTEMPATH\rewrite.php(44): require_once('C:\\project bu kurniati\\ci4\\public\\index.php')
CRITICAL - 2024-10-10 07:58:15 --> CodeIgniter\View\Exceptions\ViewException: Invalid file: "partials/navbar.php"
[Method: GET, Route: review]
in SYSTEMPATH\Exceptions\FrameworkException.php on line 41.
 1 SYSTEMPATH\View\View.php(222): CodeIgniter\Exceptions\FrameworkException::forInvalidFile('partials/navbar.php')
 2 SYSTEMPATH\View\View.php(487): CodeIgniter\View\View->render('partials/navbar', null, true)
 3 APPPATH\Views\template.php(13): CodeIgniter\View\View->include('partials/navbar')
 4 SYSTEMPATH\View\View.php(234): include('C:\\project bu kurniati\\ci4\\app\\Views\\template.php')
 5 SYSTEMPATH\View\View.php(237): CodeIgniter\View\View->CodeIgniter\View\{closure}()
 6 SYSTEMPATH\View\View.php(250): CodeIgniter\View\View->render('template', [], true)
 7 SYSTEMPATH\Common.php(1171): CodeIgniter\View\View->render('review', [], true)
 8 APPPATH\Controllers\Page.php(7): view('review', [...])
 9 SYSTEMPATH\CodeIgniter.php(933): App\Controllers\Page->review()
10 SYSTEMPATH\CodeIgniter.php(509): CodeIgniter\CodeIgniter->runController(Object(App\Controllers\Page))
11 SYSTEMPATH\CodeIgniter.php(355): CodeIgniter\CodeIgniter->handleRequest(null, Object(Config\Cache), false)
12 SYSTEMPATH\Boot.php(325): CodeIgniter\CodeIgniter->run()
13 SYSTEMPATH\Boot.php(67): CodeIgniter\Boot::runCodeIgniter(Object(CodeIgniter\CodeIgniter))
14 FCPATH\index.php(56): CodeIgniter\Boot::bootWeb(Object(Config\Paths))
15 SYSTEMPATH\rewrite.php(44): require_once('C:\\project bu kurniati\\ci4\\public\\index.php')
CRITICAL - 2024-10-10 07:58:19 --> CodeIgniter\View\Exceptions\ViewException: Invalid file: "navbar.php"
[Method: GET, Route: gadget]
in SYSTEMPATH\Exceptions\FrameworkException.php on line 41.
 1 SYSTEMPATH\View\View.php(222): CodeIgniter\Exceptions\FrameworkException::forInvalidFile('navbar.php')
 2 SYSTEMPATH\View\View.php(487): CodeIgniter\View\View->render('navbar', null, true)
 3 APPPATH\Views\gadget.php(11): CodeIgniter\View\View->include('navbar')
 4 SYSTEMPATH\View\View.php(234): include('C:\\project bu kurniati\\ci4\\app\\Views\\gadget.php')
 5 SYSTEMPATH\View\View.php(237): CodeIgniter\View\View->CodeIgniter\View\{closure}()
 6 SYSTEMPATH\Common.php(1171): CodeIgniter\View\View->render('gadget', [], true)
 7 APPPATH\Controllers\Page.php(11): view('gadget', [...])
 8 SYSTEMPATH\CodeIgniter.php(933): App\Controllers\Page->gadget()
 9 SYSTEMPATH\CodeIgniter.php(509): CodeIgniter\CodeIgniter->runController(Object(App\Controllers\Page))
10 SYSTEMPATH\CodeIgniter.php(355): CodeIgniter\CodeIgniter->handleRequest(null, Object(Config\Cache), false)
11 SYSTEMPATH\Boot.php(325): CodeIgniter\CodeIgniter->run()
12 SYSTEMPATH\Boot.php(67): CodeIgniter\Boot::runCodeIgniter(Object(CodeIgniter\CodeIgniter))
13 FCPATH\index.php(56): CodeIgniter\Boot::bootWeb(Object(Config\Paths))
14 SYSTEMPATH\rewrite.php(44): require_once('C:\\project bu kurniati\\ci4\\public\\index.php')
CRITICAL - 2024-10-10 07:58:19 --> CodeIgniter\View\Exceptions\ViewException: Invalid file: "navbar.php"
[Method: GET, Route: gadget]
in SYSTEMPATH\Exceptions\FrameworkException.php on line 41.
 1 SYSTEMPATH\View\View.php(222): CodeIgniter\Exceptions\FrameworkException::forInvalidFile('navbar.php')
 2 SYSTEMPATH\View\View.php(487): CodeIgniter\View\View->render('navbar', null, true)
 3 APPPATH\Views\gadget.php(11): CodeIgniter\View\View->include('navbar')
 4 SYSTEMPATH\View\View.php(234): include('C:\\project bu kurniati\\ci4\\app\\Views\\gadget.php')
 5 SYSTEMPATH\View\View.php(237): CodeIgniter\View\View->CodeIgniter\View\{closure}()
 6 SYSTEMPATH\Common.php(1171): CodeIgniter\View\View->render('gadget', [], true)
 7 APPPATH\Controllers\Page.php(11): view('gadget', [...])
 8 SYSTEMPATH\CodeIgniter.php(933): App\Controllers\Page->gadget()
 9 SYSTEMPATH\CodeIgniter.php(509): CodeIgniter\CodeIgniter->runController(Object(App\Controllers\Page))
10 SYSTEMPATH\CodeIgniter.php(355): CodeIgniter\CodeIgniter->handleRequest(null, Object(Config\Cache), false)
11 SYSTEMPATH\Boot.php(325): CodeIgniter\CodeIgniter->run()
12 SYSTEMPATH\Boot.php(67): CodeIgniter\Boot::runCodeIgniter(Object(CodeIgniter\CodeIgniter))
13 FCPATH\index.php(56): CodeIgniter\Boot::bootWeb(Object(Config\Paths))
14 SYSTEMPATH\rewrite.php(44): require_once('C:\\project bu kurniati\\ci4\\public\\index.php')
CRITICAL - 2024-10-10 07:58:21 --> CodeIgniter\View\Exceptions\ViewException: Invalid file: "partials/navbar.php"
[Method: GET, Route: review]
in SYSTEMPATH\Exceptions\FrameworkException.php on line 41.
 1 SYSTEMPATH\View\View.php(222): CodeIgniter\Exceptions\FrameworkException::forInvalidFile('partials/navbar.php')
 2 SYSTEMPATH\View\View.php(487): CodeIgniter\View\View->render('partials/navbar', null, true)
 3 APPPATH\Views\template.php(13): CodeIgniter\View\View->include('partials/navbar')
 4 SYSTEMPATH\View\View.php(234): include('C:\\project bu kurniati\\ci4\\app\\Views\\template.php')
 5 SYSTEMPATH\View\View.php(237): CodeIgniter\View\View->CodeIgniter\View\{closure}()
 6 SYSTEMPATH\View\View.php(250): CodeIgniter\View\View->render('template', [], true)
 7 SYSTEMPATH\Common.php(1171): CodeIgniter\View\View->render('review', [], true)
 8 APPPATH\Controllers\Page.php(7): view('review', [...])
 9 SYSTEMPATH\CodeIgniter.php(933): App\Controllers\Page->review()
10 SYSTEMPATH\CodeIgniter.php(509): CodeIgniter\CodeIgniter->runController(Object(App\Controllers\Page))
11 SYSTEMPATH\CodeIgniter.php(355): CodeIgniter\CodeIgniter->handleRequest(null, Object(Config\Cache), false)
12 SYSTEMPATH\Boot.php(325): CodeIgniter\CodeIgniter->run()
13 SYSTEMPATH\Boot.php(67): CodeIgniter\Boot::runCodeIgniter(Object(CodeIgniter\CodeIgniter))
14 FCPATH\index.php(56): CodeIgniter\Boot::bootWeb(Object(Config\Paths))
15 SYSTEMPATH\rewrite.php(44): require_once('C:\\project bu kurniati\\ci4\\public\\index.php')
CRITICAL - 2024-10-10 07:58:21 --> CodeIgniter\View\Exceptions\ViewException: Invalid file: "partials/navbar.php"
[Method: GET, Route: review]
in SYSTEMPATH\Exceptions\FrameworkException.php on line 41.
 1 SYSTEMPATH\View\View.php(222): CodeIgniter\Exceptions\FrameworkException::forInvalidFile('partials/navbar.php')
 2 SYSTEMPATH\View\View.php(487): CodeIgniter\View\View->render('partials/navbar', null, true)
 3 APPPATH\Views\template.php(13): CodeIgniter\View\View->include('partials/navbar')
 4 SYSTEMPATH\View\View.php(234): include('C:\\project bu kurniati\\ci4\\app\\Views\\template.php')
 5 SYSTEMPATH\View\View.php(237): CodeIgniter\View\View->CodeIgniter\View\{closure}()
 6 SYSTEMPATH\View\View.php(250): CodeIgniter\View\View->render('template', [], true)
 7 SYSTEMPATH\Common.php(1171): CodeIgniter\View\View->render('review', [], true)
 8 APPPATH\Controllers\Page.php(7): view('review', [...])
 9 SYSTEMPATH\CodeIgniter.php(933): App\Controllers\Page->review()
10 SYSTEMPATH\CodeIgniter.php(509): CodeIgniter\CodeIgniter->runController(Object(App\Controllers\Page))
11 SYSTEMPATH\CodeIgniter.php(355): CodeIgniter\CodeIgniter->handleRequest(null, Object(Config\Cache), false)
12 SYSTEMPATH\Boot.php(325): CodeIgniter\CodeIgniter->run()
13 SYSTEMPATH\Boot.php(67): CodeIgniter\Boot::runCodeIgniter(Object(CodeIgniter\CodeIgniter))
14 FCPATH\index.php(56): CodeIgniter\Boot::bootWeb(Object(Config\Paths))
15 SYSTEMPATH\rewrite.php(44): require_once('C:\\project bu kurniati\\ci4\\public\\index.php')
CRITICAL - 2024-10-10 07:59:19 --> CodeIgniter\View\Exceptions\ViewException: Invalid file: "partials/navbar.php"
[Method: GET, Route: review]
in SYSTEMPATH\Exceptions\FrameworkException.php on line 41.
 1 SYSTEMPATH\View\View.php(222): CodeIgniter\Exceptions\FrameworkException::forInvalidFile('partials/navbar.php')
 2 SYSTEMPATH\View\View.php(487): CodeIgniter\View\View->render('partials/navbar', null, true)
 3 APPPATH\Views\template.php(13): CodeIgniter\View\View->include('partials/navbar')
 4 SYSTEMPATH\View\View.php(234): include('C:\\project bu kurniati\\ci4\\app\\Views\\template.php')
 5 SYSTEMPATH\View\View.php(237): CodeIgniter\View\View->CodeIgniter\View\{closure}()
 6 SYSTEMPATH\View\View.php(250): CodeIgniter\View\View->render('template', [], true)
 7 SYSTEMPATH\Common.php(1171): CodeIgniter\View\View->render('review', [], true)
 8 APPPATH\Controllers\Page.php(7): view('review', [...])
 9 SYSTEMPATH\CodeIgniter.php(933): App\Controllers\Page->review()
10 SYSTEMPATH\CodeIgniter.php(509): CodeIgniter\CodeIgniter->runController(Object(App\Controllers\Page))
11 SYSTEMPATH\CodeIgniter.php(355): CodeIgniter\CodeIgniter->handleRequest(null, Object(Config\Cache), false)
12 SYSTEMPATH\Boot.php(325): CodeIgniter\CodeIgniter->run()
13 SYSTEMPATH\Boot.php(67): CodeIgniter\Boot::runCodeIgniter(Object(CodeIgniter\CodeIgniter))
14 FCPATH\index.php(56): CodeIgniter\Boot::bootWeb(Object(Config\Paths))
15 SYSTEMPATH\rewrite.php(44): require_once('C:\\project bu kurniati\\ci4\\public\\index.php')
CRITICAL - 2024-10-10 07:59:19 --> CodeIgniter\View\Exceptions\ViewException: Invalid file: "partials/navbar.php"
[Method: GET, Route: review]
in SYSTEMPATH\Exceptions\FrameworkException.php on line 41.
 1 SYSTEMPATH\View\View.php(222): CodeIgniter\Exceptions\FrameworkException::forInvalidFile('partials/navbar.php')
 2 SYSTEMPATH\View\View.php(487): CodeIgniter\View\View->render('partials/navbar', null, true)
 3 APPPATH\Views\template.php(13): CodeIgniter\View\View->include('partials/navbar')
 4 SYSTEMPATH\View\View.php(234): include('C:\\project bu kurniati\\ci4\\app\\Views\\template.php')
 5 SYSTEMPATH\View\View.php(237): CodeIgniter\View\View->CodeIgniter\View\{closure}()
 6 SYSTEMPATH\View\View.php(250): CodeIgniter\View\View->render('template', [], true)
 7 SYSTEMPATH\Common.php(1171): CodeIgniter\View\View->render('review', [], true)
 8 APPPATH\Controllers\Page.php(7): view('review', [...])
 9 SYSTEMPATH\CodeIgniter.php(933): App\Controllers\Page->review()
10 SYSTEMPATH\CodeIgniter.php(509): CodeIgniter\CodeIgniter->runController(Object(App\Controllers\Page))
11 SYSTEMPATH\CodeIgniter.php(355): CodeIgniter\CodeIgniter->handleRequest(null, Object(Config\Cache), false)
12 SYSTEMPATH\Boot.php(325): CodeIgniter\CodeIgniter->run()
13 SYSTEMPATH\Boot.php(67): CodeIgniter\Boot::runCodeIgniter(Object(CodeIgniter\CodeIgniter))
14 FCPATH\index.php(56): CodeIgniter\Boot::bootWeb(Object(Config\Paths))
15 SYSTEMPATH\rewrite.php(44): require_once('C:\\project bu kurniati\\ci4\\public\\index.php')
CRITICAL - 2024-10-10 07:59:49 --> CodeIgniter\View\Exceptions\ViewException: Invalid file: "partials/navbar.php"
[Method: GET, Route: review]
in SYSTEMPATH\Exceptions\FrameworkException.php on line 41.
 1 SYSTEMPATH\View\View.php(222): CodeIgniter\Exceptions\FrameworkException::forInvalidFile('partials/navbar.php')
 2 SYSTEMPATH\View\View.php(487): CodeIgniter\View\View->render('partials/navbar', null, true)
 3 APPPATH\Views\template.php(13): CodeIgniter\View\View->include('partials/navbar')
 4 SYSTEMPATH\View\View.php(234): include('C:\\project bu kurniati\\ci4\\app\\Views\\template.php')
 5 SYSTEMPATH\View\View.php(237): CodeIgniter\View\View->CodeIgniter\View\{closure}()
 6 SYSTEMPATH\View\View.php(250): CodeIgniter\View\View->render('template', [], true)
 7 SYSTEMPATH\Common.php(1171): CodeIgniter\View\View->render('review', [], true)
 8 APPPATH\Controllers\Page.php(7): view('review', [...])
 9 SYSTEMPATH\CodeIgniter.php(933): App\Controllers\Page->review()
10 SYSTEMPATH\CodeIgniter.php(509): CodeIgniter\CodeIgniter->runController(Object(App\Controllers\Page))
11 SYSTEMPATH\CodeIgniter.php(355): CodeIgniter\CodeIgniter->handleRequest(null, Object(Config\Cache), false)
12 SYSTEMPATH\Boot.php(325): CodeIgniter\CodeIgniter->run()
13 SYSTEMPATH\Boot.php(67): CodeIgniter\Boot::runCodeIgniter(Object(CodeIgniter\CodeIgniter))
14 FCPATH\index.php(56): CodeIgniter\Boot::bootWeb(Object(Config\Paths))
15 SYSTEMPATH\rewrite.php(44): require_once('C:\\project bu kurniati\\ci4\\public\\index.php')
CRITICAL - 2024-10-10 07:59:50 --> CodeIgniter\View\Exceptions\ViewException: Invalid file: "partials/navbar.php"
[Method: GET, Route: review]
in SYSTEMPATH\Exceptions\FrameworkException.php on line 41.
 1 SYSTEMPATH\View\View.php(222): CodeIgniter\Exceptions\FrameworkException::forInvalidFile('partials/navbar.php')
 2 SYSTEMPATH\View\View.php(487): CodeIgniter\View\View->render('partials/navbar', null, true)
 3 APPPATH\Views\template.php(13): CodeIgniter\View\View->include('partials/navbar')
 4 SYSTEMPATH\View\View.php(234): include('C:\\project bu kurniati\\ci4\\app\\Views\\template.php')
 5 SYSTEMPATH\View\View.php(237): CodeIgniter\View\View->CodeIgniter\View\{closure}()
 6 SYSTEMPATH\View\View.php(250): CodeIgniter\View\View->render('template', [], true)
 7 SYSTEMPATH\Common.php(1171): CodeIgniter\View\View->render('review', [], true)
 8 APPPATH\Controllers\Page.php(7): view('review', [...])
 9 SYSTEMPATH\CodeIgniter.php(933): App\Controllers\Page->review()
10 SYSTEMPATH\CodeIgniter.php(509): CodeIgniter\CodeIgniter->runController(Object(App\Controllers\Page))
11 SYSTEMPATH\CodeIgniter.php(355): CodeIgniter\CodeIgniter->handleRequest(null, Object(Config\Cache), false)
12 SYSTEMPATH\Boot.php(325): CodeIgniter\CodeIgniter->run()
13 SYSTEMPATH\Boot.php(67): CodeIgniter\Boot::runCodeIgniter(Object(CodeIgniter\CodeIgniter))
14 FCPATH\index.php(56): CodeIgniter\Boot::bootWeb(Object(Config\Paths))
15 SYSTEMPATH\rewrite.php(44): require_once('C:\\project bu kurniati\\ci4\\public\\index.php')
CRITICAL - 2024-10-10 08:00:49 --> CodeIgniter\View\Exceptions\ViewException: Invalid file: "partials/navbar.php"
[Method: GET, Route: review]
in SYSTEMPATH\Exceptions\FrameworkException.php on line 41.
 1 SYSTEMPATH\View\View.php(222): CodeIgniter\Exceptions\FrameworkException::forInvalidFile('partials/navbar.php')
 2 SYSTEMPATH\View\View.php(487): CodeIgniter\View\View->render('partials/navbar', null, true)
 3 APPPATH\Views\template.php(13): CodeIgniter\View\View->include('partials/navbar')
 4 SYSTEMPATH\View\View.php(234): include('C:\\project bu kurniati\\ci4\\app\\Views\\template.php')
 5 SYSTEMPATH\View\View.php(237): CodeIgniter\View\View->CodeIgniter\View\{closure}()
 6 SYSTEMPATH\Common.php(1171): CodeIgniter\View\View->render('template', [], true)
 7 APPPATH\Controllers\Page.php(7): view('template', [...])
 8 SYSTEMPATH\CodeIgniter.php(933): App\Controllers\Page->review()
 9 SYSTEMPATH\CodeIgniter.php(509): CodeIgniter\CodeIgniter->runController(Object(App\Controllers\Page))
10 SYSTEMPATH\CodeIgniter.php(355): CodeIgniter\CodeIgniter->handleRequest(null, Object(Config\Cache), false)
11 SYSTEMPATH\Boot.php(325): CodeIgniter\CodeIgniter->run()
12 SYSTEMPATH\Boot.php(67): CodeIgniter\Boot::runCodeIgniter(Object(CodeIgniter\CodeIgniter))
13 FCPATH\index.php(56): CodeIgniter\Boot::bootWeb(Object(Config\Paths))
14 SYSTEMPATH\rewrite.php(44): require_once('C:\\project bu kurniati\\ci4\\public\\index.php')
CRITICAL - 2024-10-10 08:00:49 --> CodeIgniter\View\Exceptions\ViewException: Invalid file: "partials/navbar.php"
[Method: GET, Route: review]
in SYSTEMPATH\Exceptions\FrameworkException.php on line 41.
 1 SYSTEMPATH\View\View.php(222): CodeIgniter\Exceptions\FrameworkException::forInvalidFile('partials/navbar.php')
 2 SYSTEMPATH\View\View.php(487): CodeIgniter\View\View->render('partials/navbar', null, true)
 3 APPPATH\Views\template.php(13): CodeIgniter\View\View->include('partials/navbar')
 4 SYSTEMPATH\View\View.php(234): include('C:\\project bu kurniati\\ci4\\app\\Views\\template.php')
 5 SYSTEMPATH\View\View.php(237): CodeIgniter\View\View->CodeIgniter\View\{closure}()
 6 SYSTEMPATH\Common.php(1171): CodeIgniter\View\View->render('template', [], true)
 7 APPPATH\Controllers\Page.php(7): view('template', [...])
 8 SYSTEMPATH\CodeIgniter.php(933): App\Controllers\Page->review()
 9 SYSTEMPATH\CodeIgniter.php(509): CodeIgniter\CodeIgniter->runController(Object(App\Controllers\Page))
10 SYSTEMPATH\CodeIgniter.php(355): CodeIgniter\CodeIgniter->handleRequest(null, Object(Config\Cache), false)
11 SYSTEMPATH\Boot.php(325): CodeIgniter\CodeIgniter->run()
12 SYSTEMPATH\Boot.php(67): CodeIgniter\Boot::runCodeIgniter(Object(CodeIgniter\CodeIgniter))
13 FCPATH\index.php(56): CodeIgniter\Boot::bootWeb(Object(Config\Paths))
14 SYSTEMPATH\rewrite.php(44): require_once('C:\\project bu kurniati\\ci4\\public\\index.php')
CRITICAL - 2024-10-10 08:01:57 --> CodeIgniter\View\Exceptions\ViewException: Invalid file: "navbar.php"
[Method: GET, Route: review]
in SYSTEMPATH\Exceptions\FrameworkException.php on line 41.
 1 SYSTEMPATH\View\View.php(222): CodeIgniter\Exceptions\FrameworkException::forInvalidFile('navbar.php')
 2 SYSTEMPATH\View\View.php(487): CodeIgniter\View\View->render('navbar', null, true)
 3 APPPATH\Views\template.php(13): CodeIgniter\View\View->include('navbar')
 4 SYSTEMPATH\View\View.php(234): include('C:\\project bu kurniati\\ci4\\app\\Views\\template.php')
 5 SYSTEMPATH\View\View.php(237): CodeIgniter\View\View->CodeIgniter\View\{closure}()
 6 SYSTEMPATH\Common.php(1171): CodeIgniter\View\View->render('template', [], true)
 7 APPPATH\Controllers\Page.php(7): view('template', [...])
 8 SYSTEMPATH\CodeIgniter.php(933): App\Controllers\Page->review()
 9 SYSTEMPATH\CodeIgniter.php(509): CodeIgniter\CodeIgniter->runController(Object(App\Controllers\Page))
10 SYSTEMPATH\CodeIgniter.php(355): CodeIgniter\CodeIgniter->handleRequest(null, Object(Config\Cache), false)
11 SYSTEMPATH\Boot.php(325): CodeIgniter\CodeIgniter->run()
12 SYSTEMPATH\Boot.php(67): CodeIgniter\Boot::runCodeIgniter(Object(CodeIgniter\CodeIgniter))
13 FCPATH\index.php(56): CodeIgniter\Boot::bootWeb(Object(Config\Paths))
14 SYSTEMPATH\rewrite.php(44): require_once('C:\\project bu kurniati\\ci4\\public\\index.php')
CRITICAL - 2024-10-10 08:01:58 --> CodeIgniter\View\Exceptions\ViewException: Invalid file: "navbar.php"
[Method: GET, Route: review]
in SYSTEMPATH\Exceptions\FrameworkException.php on line 41.
 1 SYSTEMPATH\View\View.php(222): CodeIgniter\Exceptions\FrameworkException::forInvalidFile('navbar.php')
 2 SYSTEMPATH\View\View.php(487): CodeIgniter\View\View->render('navbar', null, true)
 3 APPPATH\Views\template.php(13): CodeIgniter\View\View->include('navbar')
 4 SYSTEMPATH\View\View.php(234): include('C:\\project bu kurniati\\ci4\\app\\Views\\template.php')
 5 SYSTEMPATH\View\View.php(237): CodeIgniter\View\View->CodeIgniter\View\{closure}()
 6 SYSTEMPATH\Common.php(1171): CodeIgniter\View\View->render('template', [], true)
 7 APPPATH\Controllers\Page.php(7): view('template', [...])
 8 SYSTEMPATH\CodeIgniter.php(933): App\Controllers\Page->review()
 9 SYSTEMPATH\CodeIgniter.php(509): CodeIgniter\CodeIgniter->runController(Object(App\Controllers\Page))
10 SYSTEMPATH\CodeIgniter.php(355): CodeIgniter\CodeIgniter->handleRequest(null, Object(Config\Cache), false)
11 SYSTEMPATH\Boot.php(325): CodeIgniter\CodeIgniter->run()
12 SYSTEMPATH\Boot.php(67): CodeIgniter\Boot::runCodeIgniter(Object(CodeIgniter\CodeIgniter))
13 FCPATH\index.php(56): CodeIgniter\Boot::bootWeb(Object(Config\Paths))
14 SYSTEMPATH\rewrite.php(44): require_once('C:\\project bu kurniati\\ci4\\public\\index.php')
CRITICAL - 2024-10-10 08:14:44 --> ErrorException: include(app/Views/partial/layout.php): Failed to open stream: No such file or directory
[Method: GET, Route: review]
in APPPATH\Views\review.php on line 4.
 1 APPPATH\Views\review.php(4): CodeIgniter\Debug\Exceptions->errorHandler(2, 'include(app/Views/partial/layout.php): Failed to open stream: No such file or directory', 'C:\\project bu kurniati\\ci4\\app\\Views\\review.php', 4)
 2 APPPATH\Views\review.php(4): include()
 3 SYSTEMPATH\View\View.php(234): include('C:\\project bu kurniati\\ci4\\app\\Views\\review.php')
 4 SYSTEMPATH\View\View.php(237): CodeIgniter\View\View->CodeIgniter\View\{closure}()
 5 SYSTEMPATH\Common.php(1171): CodeIgniter\View\View->render('review', [], true)
 6 APPPATH\Controllers\Page.php(7): view('review', [...])
 7 SYSTEMPATH\CodeIgniter.php(933): App\Controllers\Page->review()
 8 SYSTEMPATH\CodeIgniter.php(509): CodeIgniter\CodeIgniter->runController(Object(App\Controllers\Page))
 9 SYSTEMPATH\CodeIgniter.php(355): CodeIgniter\CodeIgniter->handleRequest(null, Object(Config\Cache), false)
10 SYSTEMPATH\Boot.php(325): CodeIgniter\CodeIgniter->run()
11 SYSTEMPATH\Boot.php(67): CodeIgniter\Boot::runCodeIgniter(Object(CodeIgniter\CodeIgniter))
12 FCPATH\index.php(56): CodeIgniter\Boot::bootWeb(Object(Config\Paths))
13 SYSTEMPATH\rewrite.php(44): require_once('C:\\project bu kurniati\\ci4\\public\\index.php')
CRITICAL - 2024-10-10 08:14:44 --> ErrorException: include(app/Views/partial/layout.php): Failed to open stream: No such file or directory
[Method: GET, Route: review]
in APPPATH\Views\review.php on line 4.
 1 APPPATH\Views\review.php(4): CodeIgniter\Debug\Exceptions->errorHandler(2, 'include(app/Views/partial/layout.php): Failed to open stream: No such file or directory', 'C:\\project bu kurniati\\ci4\\app\\Views\\review.php', 4)
 2 APPPATH\Views\review.php(4): include()
 3 SYSTEMPATH\View\View.php(234): include('C:\\project bu kurniati\\ci4\\app\\Views\\review.php')
 4 SYSTEMPATH\View\View.php(237): CodeIgniter\View\View->CodeIgniter\View\{closure}()
 5 SYSTEMPATH\Common.php(1171): CodeIgniter\View\View->render('review', [], true)
 6 APPPATH\Controllers\Page.php(7): view('review', [...])
 7 SYSTEMPATH\CodeIgniter.php(933): App\Controllers\Page->review()
 8 SYSTEMPATH\CodeIgniter.php(509): CodeIgniter\CodeIgniter->runController(Object(App\Controllers\Page))
 9 SYSTEMPATH\CodeIgniter.php(355): CodeIgniter\CodeIgniter->handleRequest(null, Object(Config\Cache), false)
10 SYSTEMPATH\Boot.php(325): CodeIgniter\CodeIgniter->run()
11 SYSTEMPATH\Boot.php(67): CodeIgniter\Boot::runCodeIgniter(Object(CodeIgniter\CodeIgniter))
12 FCPATH\index.php(56): CodeIgniter\Boot::bootWeb(Object(Config\Paths))
13 SYSTEMPATH\rewrite.php(44): require_once('C:\\project bu kurniati\\ci4\\public\\index.php')
CRITICAL - 2024-10-10 08:14:46 --> ErrorException: include(app/Views/partial/layout.php): Failed to open stream: No such file or directory
[Method: GET, Route: review]
in APPPATH\Views\review.php on line 4.
 1 APPPATH\Views\review.php(4): CodeIgniter\Debug\Exceptions->errorHandler(2, 'include(app/Views/partial/layout.php): Failed to open stream: No such file or directory', 'C:\\project bu kurniati\\ci4\\app\\Views\\review.php', 4)
 2 APPPATH\Views\review.php(4): include()
 3 SYSTEMPATH\View\View.php(234): include('C:\\project bu kurniati\\ci4\\app\\Views\\review.php')
 4 SYSTEMPATH\View\View.php(237): CodeIgniter\View\View->CodeIgniter\View\{closure}()
 5 SYSTEMPATH\Common.php(1171): CodeIgniter\View\View->render('review', [], true)
 6 APPPATH\Controllers\Page.php(7): view('review', [...])
 7 SYSTEMPATH\CodeIgniter.php(933): App\Controllers\Page->review()
 8 SYSTEMPATH\CodeIgniter.php(509): CodeIgniter\CodeIgniter->runController(Object(App\Controllers\Page))
 9 SYSTEMPATH\CodeIgniter.php(355): CodeIgniter\CodeIgniter->handleRequest(null, Object(Config\Cache), false)
10 SYSTEMPATH\Boot.php(325): CodeIgniter\CodeIgniter->run()
11 SYSTEMPATH\Boot.php(67): CodeIgniter\Boot::runCodeIgniter(Object(CodeIgniter\CodeIgniter))
12 FCPATH\index.php(56): CodeIgniter\Boot::bootWeb(Object(Config\Paths))
13 SYSTEMPATH\rewrite.php(44): require_once('C:\\project bu kurniati\\ci4\\public\\index.php')
CRITICAL - 2024-10-10 08:14:46 --> ErrorException: include(app/Views/partial/layout.php): Failed to open stream: No such file or directory
[Method: GET, Route: review]
in APPPATH\Views\review.php on line 4.
 1 APPPATH\Views\review.php(4): CodeIgniter\Debug\Exceptions->errorHandler(2, 'include(app/Views/partial/layout.php): Failed to open stream: No such file or directory', 'C:\\project bu kurniati\\ci4\\app\\Views\\review.php', 4)
 2 APPPATH\Views\review.php(4): include()
 3 SYSTEMPATH\View\View.php(234): include('C:\\project bu kurniati\\ci4\\app\\Views\\review.php')
 4 SYSTEMPATH\View\View.php(237): CodeIgniter\View\View->CodeIgniter\View\{closure}()
 5 SYSTEMPATH\Common.php(1171): CodeIgniter\View\View->render('review', [], true)
 6 APPPATH\Controllers\Page.php(7): view('review', [...])
 7 SYSTEMPATH\CodeIgniter.php(933): App\Controllers\Page->review()
 8 SYSTEMPATH\CodeIgniter.php(509): CodeIgniter\CodeIgniter->runController(Object(App\Controllers\Page))
 9 SYSTEMPATH\CodeIgniter.php(355): CodeIgniter\CodeIgniter->handleRequest(null, Object(Config\Cache), false)
10 SYSTEMPATH\Boot.php(325): CodeIgniter\CodeIgniter->run()
11 SYSTEMPATH\Boot.php(67): CodeIgniter\Boot::runCodeIgniter(Object(CodeIgniter\CodeIgniter))
12 FCPATH\index.php(56): CodeIgniter\Boot::bootWeb(Object(Config\Paths))
13 SYSTEMPATH\rewrite.php(44): require_once('C:\\project bu kurniati\\ci4\\public\\index.php')
CRITICAL - 2024-10-10 08:14:51 --> ErrorException: include(app/Views/partial/layout.php): Failed to open stream: No such file or directory
[Method: GET, Route: review]
in APPPATH\Views\review.php on line 4.
 1 APPPATH\Views\review.php(4): CodeIgniter\Debug\Exceptions->errorHandler(2, 'include(app/Views/partial/layout.php): Failed to open stream: No such file or directory', 'C:\\project bu kurniati\\ci4\\app\\Views\\review.php', 4)
 2 APPPATH\Views\review.php(4): include()
 3 SYSTEMPATH\View\View.php(234): include('C:\\project bu kurniati\\ci4\\app\\Views\\review.php')
 4 SYSTEMPATH\View\View.php(237): CodeIgniter\View\View->CodeIgniter\View\{closure}()
 5 SYSTEMPATH\Common.php(1171): CodeIgniter\View\View->render('review', [], true)
 6 APPPATH\Controllers\Page.php(7): view('review', [...])
 7 SYSTEMPATH\CodeIgniter.php(933): App\Controllers\Page->review()
 8 SYSTEMPATH\CodeIgniter.php(509): CodeIgniter\CodeIgniter->runController(Object(App\Controllers\Page))
 9 SYSTEMPATH\CodeIgniter.php(355): CodeIgniter\CodeIgniter->handleRequest(null, Object(Config\Cache), false)
10 SYSTEMPATH\Boot.php(325): CodeIgniter\CodeIgniter->run()
11 SYSTEMPATH\Boot.php(67): CodeIgniter\Boot::runCodeIgniter(Object(CodeIgniter\CodeIgniter))
12 FCPATH\index.php(56): CodeIgniter\Boot::bootWeb(Object(Config\Paths))
13 SYSTEMPATH\rewrite.php(44): require_once('C:\\project bu kurniati\\ci4\\public\\index.php')
CRITICAL - 2024-10-10 08:14:51 --> ErrorException: include(app/Views/partial/layout.php): Failed to open stream: No such file or directory
[Method: GET, Route: review]
in APPPATH\Views\review.php on line 4.
 1 APPPATH\Views\review.php(4): CodeIgniter\Debug\Exceptions->errorHandler(2, 'include(app/Views/partial/layout.php): Failed to open stream: No such file or directory', 'C:\\project bu kurniati\\ci4\\app\\Views\\review.php', 4)
 2 APPPATH\Views\review.php(4): include()
 3 SYSTEMPATH\View\View.php(234): include('C:\\project bu kurniati\\ci4\\app\\Views\\review.php')
 4 SYSTEMPATH\View\View.php(237): CodeIgniter\View\View->CodeIgniter\View\{closure}()
 5 SYSTEMPATH\Common.php(1171): CodeIgniter\View\View->render('review', [], true)
 6 APPPATH\Controllers\Page.php(7): view('review', [...])
 7 SYSTEMPATH\CodeIgniter.php(933): App\Controllers\Page->review()
 8 SYSTEMPATH\CodeIgniter.php(509): CodeIgniter\CodeIgniter->runController(Object(App\Controllers\Page))
 9 SYSTEMPATH\CodeIgniter.php(355): CodeIgniter\CodeIgniter->handleRequest(null, Object(Config\Cache), false)
10 SYSTEMPATH\Boot.php(325): CodeIgniter\CodeIgniter->run()
11 SYSTEMPATH\Boot.php(67): CodeIgniter\Boot::runCodeIgniter(Object(CodeIgniter\CodeIgniter))
12 FCPATH\index.php(56): CodeIgniter\Boot::bootWeb(Object(Config\Paths))
13 SYSTEMPATH\rewrite.php(44): require_once('C:\\project bu kurniati\\ci4\\public\\index.php')
CRITICAL - 2024-10-10 08:15:29 --> ErrorException: include(app/Views/partial/layout.php): Failed to open stream: No such file or directory
[Method: GET, Route: review]
in APPPATH\Views\review.php on line 4.
 1 APPPATH\Views\review.php(4): CodeIgniter\Debug\Exceptions->errorHandler(2, 'include(app/Views/partial/layout.php): Failed to open stream: No such file or directory', 'C:\\project bu kurniati\\ci4\\app\\Views\\review.php', 4)
 2 APPPATH\Views\review.php(4): include()
 3 SYSTEMPATH\View\View.php(234): include('C:\\project bu kurniati\\ci4\\app\\Views\\review.php')
 4 SYSTEMPATH\View\View.php(237): CodeIgniter\View\View->CodeIgniter\View\{closure}()
 5 SYSTEMPATH\Common.php(1171): CodeIgniter\View\View->render('review', [], true)
 6 APPPATH\Controllers\Page.php(7): view('review', [...])
 7 SYSTEMPATH\CodeIgniter.php(933): App\Controllers\Page->review()
 8 SYSTEMPATH\CodeIgniter.php(509): CodeIgniter\CodeIgniter->runController(Object(App\Controllers\Page))
 9 SYSTEMPATH\CodeIgniter.php(355): CodeIgniter\CodeIgniter->handleRequest(null, Object(Config\Cache), false)
10 SYSTEMPATH\Boot.php(325): CodeIgniter\CodeIgniter->run()
11 SYSTEMPATH\Boot.php(67): CodeIgniter\Boot::runCodeIgniter(Object(CodeIgniter\CodeIgniter))
12 FCPATH\index.php(56): CodeIgniter\Boot::bootWeb(Object(Config\Paths))
13 SYSTEMPATH\rewrite.php(44): require_once('C:\\project bu kurniati\\ci4\\public\\index.php')
CRITICAL - 2024-10-10 08:15:29 --> ErrorException: include(app/Views/partial/layout.php): Failed to open stream: No such file or directory
[Method: GET, Route: review]
in APPPATH\Views\review.php on line 4.
 1 APPPATH\Views\review.php(4): CodeIgniter\Debug\Exceptions->errorHandler(2, 'include(app/Views/partial/layout.php): Failed to open stream: No such file or directory', 'C:\\project bu kurniati\\ci4\\app\\Views\\review.php', 4)
 2 APPPATH\Views\review.php(4): include()
 3 SYSTEMPATH\View\View.php(234): include('C:\\project bu kurniati\\ci4\\app\\Views\\review.php')
 4 SYSTEMPATH\View\View.php(237): CodeIgniter\View\View->CodeIgniter\View\{closure}()
 5 SYSTEMPATH\Common.php(1171): CodeIgniter\View\View->render('review', [], true)
 6 APPPATH\Controllers\Page.php(7): view('review', [...])
 7 SYSTEMPATH\CodeIgniter.php(933): App\Controllers\Page->review()
 8 SYSTEMPATH\CodeIgniter.php(509): CodeIgniter\CodeIgniter->runController(Object(App\Controllers\Page))
 9 SYSTEMPATH\CodeIgniter.php(355): CodeIgniter\CodeIgniter->handleRequest(null, Object(Config\Cache), false)
10 SYSTEMPATH\Boot.php(325): CodeIgniter\CodeIgniter->run()
11 SYSTEMPATH\Boot.php(67): CodeIgniter\Boot::runCodeIgniter(Object(CodeIgniter\CodeIgniter))
12 FCPATH\index.php(56): CodeIgniter\Boot::bootWeb(Object(Config\Paths))
13 SYSTEMPATH\rewrite.php(44): require_once('C:\\project bu kurniati\\ci4\\public\\index.php')
CRITICAL - 2024-10-10 08:15:46 --> ErrorException: include_once(app/Views/partial/layout.php): Failed to open stream: No such file or directory
[Method: GET, Route: review]
in APPPATH\Views\review.php on line 4.
 1 APPPATH\Views\review.php(4): CodeIgniter\Debug\Exceptions->errorHandler(2, 'include_once(app/Views/partial/layout.php): Failed to open stream: No such file or directory', 'C:\\project bu kurniati\\ci4\\app\\Views\\review.php', 4)
 2 APPPATH\Views\review.php(4): include_once()
 3 SYSTEMPATH\View\View.php(234): include('C:\\project bu kurniati\\ci4\\app\\Views\\review.php')
 4 SYSTEMPATH\View\View.php(237): CodeIgniter\View\View->CodeIgniter\View\{closure}()
 5 SYSTEMPATH\Common.php(1171): CodeIgniter\View\View->render('review', [], true)
 6 APPPATH\Controllers\Page.php(7): view('review', [...])
 7 SYSTEMPATH\CodeIgniter.php(933): App\Controllers\Page->review()
 8 SYSTEMPATH\CodeIgniter.php(509): CodeIgniter\CodeIgniter->runController(Object(App\Controllers\Page))
 9 SYSTEMPATH\CodeIgniter.php(355): CodeIgniter\CodeIgniter->handleRequest(null, Object(Config\Cache), false)
10 SYSTEMPATH\Boot.php(325): CodeIgniter\CodeIgniter->run()
11 SYSTEMPATH\Boot.php(67): CodeIgniter\Boot::runCodeIgniter(Object(CodeIgniter\CodeIgniter))
12 FCPATH\index.php(56): CodeIgniter\Boot::bootWeb(Object(Config\Paths))
13 SYSTEMPATH\rewrite.php(44): require_once('C:\\project bu kurniati\\ci4\\public\\index.php')
CRITICAL - 2024-10-10 08:15:46 --> ErrorException: include_once(app/Views/partial/layout.php): Failed to open stream: No such file or directory
[Method: GET, Route: review]
in APPPATH\Views\review.php on line 4.
 1 APPPATH\Views\review.php(4): CodeIgniter\Debug\Exceptions->errorHandler(2, 'include_once(app/Views/partial/layout.php): Failed to open stream: No such file or directory', 'C:\\project bu kurniati\\ci4\\app\\Views\\review.php', 4)
 2 APPPATH\Views\review.php(4): include_once()
 3 SYSTEMPATH\View\View.php(234): include('C:\\project bu kurniati\\ci4\\app\\Views\\review.php')
 4 SYSTEMPATH\View\View.php(237): CodeIgniter\View\View->CodeIgniter\View\{closure}()
 5 SYSTEMPATH\Common.php(1171): CodeIgniter\View\View->render('review', [], true)
 6 APPPATH\Controllers\Page.php(7): view('review', [...])
 7 SYSTEMPATH\CodeIgniter.php(933): App\Controllers\Page->review()
 8 SYSTEMPATH\CodeIgniter.php(509): CodeIgniter\CodeIgniter->runController(Object(App\Controllers\Page))
 9 SYSTEMPATH\CodeIgniter.php(355): CodeIgniter\CodeIgniter->handleRequest(null, Object(Config\Cache), false)
10 SYSTEMPATH\Boot.php(325): CodeIgniter\CodeIgniter->run()
11 SYSTEMPATH\Boot.php(67): CodeIgniter\Boot::runCodeIgniter(Object(CodeIgniter\CodeIgniter))
12 FCPATH\index.php(56): CodeIgniter\Boot::bootWeb(Object(Config\Paths))
13 SYSTEMPATH\rewrite.php(44): require_once('C:\\project bu kurniati\\ci4\\public\\index.php')
CRITICAL - 2024-10-10 08:15:49 --> ErrorException: include_once(app/Views/partial/layout.php): Failed to open stream: No such file or directory
[Method: GET, Route: review]
in APPPATH\Views\review.php on line 4.
 1 APPPATH\Views\review.php(4): CodeIgniter\Debug\Exceptions->errorHandler(2, 'include_once(app/Views/partial/layout.php): Failed to open stream: No such file or directory', 'C:\\project bu kurniati\\ci4\\app\\Views\\review.php', 4)
 2 APPPATH\Views\review.php(4): include_once()
 3 SYSTEMPATH\View\View.php(234): include('C:\\project bu kurniati\\ci4\\app\\Views\\review.php')
 4 SYSTEMPATH\View\View.php(237): CodeIgniter\View\View->CodeIgniter\View\{closure}()
 5 SYSTEMPATH\Common.php(1171): CodeIgniter\View\View->render('review', [], true)
 6 APPPATH\Controllers\Page.php(7): view('review', [...])
 7 SYSTEMPATH\CodeIgniter.php(933): App\Controllers\Page->review()
 8 SYSTEMPATH\CodeIgniter.php(509): CodeIgniter\CodeIgniter->runController(Object(App\Controllers\Page))
 9 SYSTEMPATH\CodeIgniter.php(355): CodeIgniter\CodeIgniter->handleRequest(null, Object(Config\Cache), false)
10 SYSTEMPATH\Boot.php(325): CodeIgniter\CodeIgniter->run()
11 SYSTEMPATH\Boot.php(67): CodeIgniter\Boot::runCodeIgniter(Object(CodeIgniter\CodeIgniter))
12 FCPATH\index.php(56): CodeIgniter\Boot::bootWeb(Object(Config\Paths))
13 SYSTEMPATH\rewrite.php(44): require_once('C:\\project bu kurniati\\ci4\\public\\index.php')
CRITICAL - 2024-10-10 08:15:49 --> ErrorException: include_once(app/Views/partial/layout.php): Failed to open stream: No such file or directory
[Method: GET, Route: review]
in APPPATH\Views\review.php on line 4.
 1 APPPATH\Views\review.php(4): CodeIgniter\Debug\Exceptions->errorHandler(2, 'include_once(app/Views/partial/layout.php): Failed to open stream: No such file or directory', 'C:\\project bu kurniati\\ci4\\app\\Views\\review.php', 4)
 2 APPPATH\Views\review.php(4): include_once()
 3 SYSTEMPATH\View\View.php(234): include('C:\\project bu kurniati\\ci4\\app\\Views\\review.php')
 4 SYSTEMPATH\View\View.php(237): CodeIgniter\View\View->CodeIgniter\View\{closure}()
 5 SYSTEMPATH\Common.php(1171): CodeIgniter\View\View->render('review', [], true)
 6 APPPATH\Controllers\Page.php(7): view('review', [...])
 7 SYSTEMPATH\CodeIgniter.php(933): App\Controllers\Page->review()
 8 SYSTEMPATH\CodeIgniter.php(509): CodeIgniter\CodeIgniter->runController(Object(App\Controllers\Page))
 9 SYSTEMPATH\CodeIgniter.php(355): CodeIgniter\CodeIgniter->handleRequest(null, Object(Config\Cache), false)
10 SYSTEMPATH\Boot.php(325): CodeIgniter\CodeIgniter->run()
11 SYSTEMPATH\Boot.php(67): CodeIgniter\Boot::runCodeIgniter(Object(CodeIgniter\CodeIgniter))
12 FCPATH\index.php(56): CodeIgniter\Boot::bootWeb(Object(Config\Paths))
13 SYSTEMPATH\rewrite.php(44): require_once('C:\\project bu kurniati\\ci4\\public\\index.php')
CRITICAL - 2024-10-10 08:18:50 --> ErrorException: include_once(app/Views/partial/layout.php): Failed to open stream: No such file or directory
[Method: GET, Route: review]
in APPPATH\Views\review.php on line 2.
 1 APPPATH\Views\review.php(2): CodeIgniter\Debug\Exceptions->errorHandler(2, 'include_once(app/Views/partial/layout.php): Failed to open stream: No such file or directory', 'C:\\project bu kurniati\\ci4\\app\\Views\\review.php', 2)
 2 APPPATH\Views\review.php(2): include_once()
 3 SYSTEMPATH\View\View.php(234): include('C:\\project bu kurniati\\ci4\\app\\Views\\review.php')
 4 SYSTEMPATH\View\View.php(237): CodeIgniter\View\View->CodeIgniter\View\{closure}()
 5 SYSTEMPATH\Common.php(1171): CodeIgniter\View\View->render('review', [], true)
 6 APPPATH\Controllers\Page.php(7): view('review', [...])
 7 SYSTEMPATH\CodeIgniter.php(933): App\Controllers\Page->review()
 8 SYSTEMPATH\CodeIgniter.php(509): CodeIgniter\CodeIgniter->runController(Object(App\Controllers\Page))
 9 SYSTEMPATH\CodeIgniter.php(355): CodeIgniter\CodeIgniter->handleRequest(null, Object(Config\Cache), false)
10 SYSTEMPATH\Boot.php(325): CodeIgniter\CodeIgniter->run()
11 SYSTEMPATH\Boot.php(67): CodeIgniter\Boot::runCodeIgniter(Object(CodeIgniter\CodeIgniter))
12 FCPATH\index.php(56): CodeIgniter\Boot::bootWeb(Object(Config\Paths))
13 SYSTEMPATH\rewrite.php(44): require_once('C:\\project bu kurniati\\ci4\\public\\index.php')
CRITICAL - 2024-10-10 08:18:50 --> ErrorException: include_once(app/Views/partial/layout.php): Failed to open stream: No such file or directory
[Method: GET, Route: review]
in APPPATH\Views\review.php on line 2.
 1 APPPATH\Views\review.php(2): CodeIgniter\Debug\Exceptions->errorHandler(2, 'include_once(app/Views/partial/layout.php): Failed to open stream: No such file or directory', 'C:\\project bu kurniati\\ci4\\app\\Views\\review.php', 2)
 2 APPPATH\Views\review.php(2): include_once()
 3 SYSTEMPATH\View\View.php(234): include('C:\\project bu kurniati\\ci4\\app\\Views\\review.php')
 4 SYSTEMPATH\View\View.php(237): CodeIgniter\View\View->CodeIgniter\View\{closure}()
 5 SYSTEMPATH\Common.php(1171): CodeIgniter\View\View->render('review', [], true)
 6 APPPATH\Controllers\Page.php(7): view('review', [...])
 7 SYSTEMPATH\CodeIgniter.php(933): App\Controllers\Page->review()
 8 SYSTEMPATH\CodeIgniter.php(509): CodeIgniter\CodeIgniter->runController(Object(App\Controllers\Page))
 9 SYSTEMPATH\CodeIgniter.php(355): CodeIgniter\CodeIgniter->handleRequest(null, Object(Config\Cache), false)
10 SYSTEMPATH\Boot.php(325): CodeIgniter\CodeIgniter->run()
11 SYSTEMPATH\Boot.php(67): CodeIgniter\Boot::runCodeIgniter(Object(CodeIgniter\CodeIgniter))
12 FCPATH\index.php(56): CodeIgniter\Boot::bootWeb(Object(Config\Paths))
13 SYSTEMPATH\rewrite.php(44): require_once('C:\\project bu kurniati\\ci4\\public\\index.php')
CRITICAL - 2024-10-10 08:18:54 --> ErrorException: include_once(app/Views/partial/layout.php): Failed to open stream: No such file or directory
[Method: GET, Route: review]
in APPPATH\Views\review.php on line 2.
 1 APPPATH\Views\review.php(2): CodeIgniter\Debug\Exceptions->errorHandler(2, 'include_once(app/Views/partial/layout.php): Failed to open stream: No such file or directory', 'C:\\project bu kurniati\\ci4\\app\\Views\\review.php', 2)
 2 APPPATH\Views\review.php(2): include_once()
 3 SYSTEMPATH\View\View.php(234): include('C:\\project bu kurniati\\ci4\\app\\Views\\review.php')
 4 SYSTEMPATH\View\View.php(237): CodeIgniter\View\View->CodeIgniter\View\{closure}()
 5 SYSTEMPATH\Common.php(1171): CodeIgniter\View\View->render('review', [], true)
 6 APPPATH\Controllers\Page.php(7): view('review', [...])
 7 SYSTEMPATH\CodeIgniter.php(933): App\Controllers\Page->review()
 8 SYSTEMPATH\CodeIgniter.php(509): CodeIgniter\CodeIgniter->runController(Object(App\Controllers\Page))
 9 SYSTEMPATH\CodeIgniter.php(355): CodeIgniter\CodeIgniter->handleRequest(null, Object(Config\Cache), false)
10 SYSTEMPATH\Boot.php(325): CodeIgniter\CodeIgniter->run()
11 SYSTEMPATH\Boot.php(67): CodeIgniter\Boot::runCodeIgniter(Object(CodeIgniter\CodeIgniter))
12 FCPATH\index.php(56): CodeIgniter\Boot::bootWeb(Object(Config\Paths))
13 SYSTEMPATH\rewrite.php(44): require_once('C:\\project bu kurniati\\ci4\\public\\index.php')
CRITICAL - 2024-10-10 08:18:54 --> ErrorException: include_once(app/Views/partial/layout.php): Failed to open stream: No such file or directory
[Method: GET, Route: review]
in APPPATH\Views\review.php on line 2.
 1 APPPATH\Views\review.php(2): CodeIgniter\Debug\Exceptions->errorHandler(2, 'include_once(app/Views/partial/layout.php): Failed to open stream: No such file or directory', 'C:\\project bu kurniati\\ci4\\app\\Views\\review.php', 2)
 2 APPPATH\Views\review.php(2): include_once()
 3 SYSTEMPATH\View\View.php(234): include('C:\\project bu kurniati\\ci4\\app\\Views\\review.php')
 4 SYSTEMPATH\View\View.php(237): CodeIgniter\View\View->CodeIgniter\View\{closure}()
 5 SYSTEMPATH\Common.php(1171): CodeIgniter\View\View->render('review', [], true)
 6 APPPATH\Controllers\Page.php(7): view('review', [...])
 7 SYSTEMPATH\CodeIgniter.php(933): App\Controllers\Page->review()
 8 SYSTEMPATH\CodeIgniter.php(509): CodeIgniter\CodeIgniter->runController(Object(App\Controllers\Page))
 9 SYSTEMPATH\CodeIgniter.php(355): CodeIgniter\CodeIgniter->handleRequest(null, Object(Config\Cache), false)
10 SYSTEMPATH\Boot.php(325): CodeIgniter\CodeIgniter->run()
11 SYSTEMPATH\Boot.php(67): CodeIgniter\Boot::runCodeIgniter(Object(CodeIgniter\CodeIgniter))
12 FCPATH\index.php(56): CodeIgniter\Boot::bootWeb(Object(Config\Paths))
13 SYSTEMPATH\rewrite.php(44): require_once('C:\\project bu kurniati\\ci4\\public\\index.php')
CRITICAL - 2024-10-10 09:10:15 --> CodeIgniter\View\Exceptions\ViewException: Invalid file: "navbar.php"
[Method: GET, Route: laptop]
in SYSTEMPATH\Exceptions\FrameworkException.php on line 41.
 1 SYSTEMPATH\View\View.php(222): CodeIgniter\Exceptions\FrameworkException::forInvalidFile('navbar.php')
 2 SYSTEMPATH\View\View.php(487): CodeIgniter\View\View->render('navbar', null, true)
 3 APPPATH\Views\laptop.php(11): CodeIgniter\View\View->include('navbar')
 4 SYSTEMPATH\View\View.php(234): include('C:\\project bu kurniati\\ci4\\app\\Views\\laptop.php')
 5 SYSTEMPATH\View\View.php(237): CodeIgniter\View\View->CodeIgniter\View\{closure}()
 6 SYSTEMPATH\Common.php(1171): CodeIgniter\View\View->render('laptop', [], true)
 7 APPPATH\Controllers\Page.php(15): view('laptop', [...])
 8 SYSTEMPATH\CodeIgniter.php(933): App\Controllers\Page->laptop()
 9 SYSTEMPATH\CodeIgniter.php(509): CodeIgniter\CodeIgniter->runController(Object(App\Controllers\Page))
10 SYSTEMPATH\CodeIgniter.php(355): CodeIgniter\CodeIgniter->handleRequest(null, Object(Config\Cache), false)
11 SYSTEMPATH\Boot.php(325): CodeIgniter\CodeIgniter->run()
12 SYSTEMPATH\Boot.php(67): CodeIgniter\Boot::runCodeIgniter(Object(CodeIgniter\CodeIgniter))
13 FCPATH\index.php(56): CodeIgniter\Boot::bootWeb(Object(Config\Paths))
14 SYSTEMPATH\rewrite.php(44): require_once('C:\\project bu kurniati\\ci4\\public\\index.php')
CRITICAL - 2024-10-10 09:10:15 --> CodeIgniter\View\Exceptions\ViewException: Invalid file: "navbar.php"
[Method: GET, Route: laptop]
in SYSTEMPATH\Exceptions\FrameworkException.php on line 41.
 1 SYSTEMPATH\View\View.php(222): CodeIgniter\Exceptions\FrameworkException::forInvalidFile('navbar.php')
 2 SYSTEMPATH\View\View.php(487): CodeIgniter\View\View->render('navbar', null, true)
 3 APPPATH\Views\laptop.php(11): CodeIgniter\View\View->include('navbar')
 4 SYSTEMPATH\View\View.php(234): include('C:\\project bu kurniati\\ci4\\app\\Views\\laptop.php')
 5 SYSTEMPATH\View\View.php(237): CodeIgniter\View\View->CodeIgniter\View\{closure}()
 6 SYSTEMPATH\Common.php(1171): CodeIgniter\View\View->render('laptop', [], true)
 7 APPPATH\Controllers\Page.php(15): view('laptop', [...])
 8 SYSTEMPATH\CodeIgniter.php(933): App\Controllers\Page->laptop()
 9 SYSTEMPATH\CodeIgniter.php(509): CodeIgniter\CodeIgniter->runController(Object(App\Controllers\Page))
10 SYSTEMPATH\CodeIgniter.php(355): CodeIgniter\CodeIgniter->handleRequest(null, Object(Config\Cache), false)
11 SYSTEMPATH\Boot.php(325): CodeIgniter\CodeIgniter->run()
12 SYSTEMPATH\Boot.php(67): CodeIgniter\Boot::runCodeIgniter(Object(CodeIgniter\CodeIgniter))
13 FCPATH\index.php(56): CodeIgniter\Boot::bootWeb(Object(Config\Paths))
14 SYSTEMPATH\rewrite.php(44): require_once('C:\\project bu kurniati\\ci4\\public\\index.php')
CRITICAL - 2024-10-10 11:43:33 --> CodeIgniter\View\Exceptions\ViewException: Invalid file: "navbar.php"
[Method: GET, Route: laptop]
in SYSTEMPATH\Exceptions\FrameworkException.php on line 41.
 1 SYSTEMPATH\View\View.php(222): CodeIgniter\Exceptions\FrameworkException::forInvalidFile('navbar.php')
 2 SYSTEMPATH\View\View.php(487): CodeIgniter\View\View->render('navbar', null, true)
 3 APPPATH\Views\laptop.php(11): CodeIgniter\View\View->include('navbar')
 4 SYSTEMPATH\View\View.php(234): include('C:\\project bu kurniati\\ci4\\app\\Views\\laptop.php')
 5 SYSTEMPATH\View\View.php(237): CodeIgniter\View\View->CodeIgniter\View\{closure}()
 6 SYSTEMPATH\Common.php(1171): CodeIgniter\View\View->render('laptop', [], true)
 7 APPPATH\Controllers\Page.php(15): view('laptop', [...])
 8 SYSTEMPATH\CodeIgniter.php(933): App\Controllers\Page->laptop()
 9 SYSTEMPATH\CodeIgniter.php(509): CodeIgniter\CodeIgniter->runController(Object(App\Controllers\Page))
10 SYSTEMPATH\CodeIgniter.php(355): CodeIgniter\CodeIgniter->handleRequest(null, Object(Config\Cache), false)
11 SYSTEMPATH\Boot.php(325): CodeIgniter\CodeIgniter->run()
12 SYSTEMPATH\Boot.php(67): CodeIgniter\Boot::runCodeIgniter(Object(CodeIgniter\CodeIgniter))
13 FCPATH\index.php(56): CodeIgniter\Boot::bootWeb(Object(Config\Paths))
14 SYSTEMPATH\rewrite.php(44): require_once('C:\\project bu kurniati\\ci4\\public\\index.php')
CRITICAL - 2024-10-10 11:43:33 --> CodeIgniter\View\Exceptions\ViewException: Invalid file: "navbar.php"
[Method: GET, Route: laptop]
in SYSTEMPATH\Exceptions\FrameworkException.php on line 41.
 1 SYSTEMPATH\View\View.php(222): CodeIgniter\Exceptions\FrameworkException::forInvalidFile('navbar.php')
 2 SYSTEMPATH\View\View.php(487): CodeIgniter\View\View->render('navbar', null, true)
 3 APPPATH\Views\laptop.php(11): CodeIgniter\View\View->include('navbar')
 4 SYSTEMPATH\View\View.php(234): include('C:\\project bu kurniati\\ci4\\app\\Views\\laptop.php')
 5 SYSTEMPATH\View\View.php(237): CodeIgniter\View\View->CodeIgniter\View\{closure}()
 6 SYSTEMPATH\Common.php(1171): CodeIgniter\View\View->render('laptop', [], true)
 7 APPPATH\Controllers\Page.php(15): view('laptop', [...])
 8 SYSTEMPATH\CodeIgniter.php(933): App\Controllers\Page->laptop()
 9 SYSTEMPATH\CodeIgniter.php(509): CodeIgniter\CodeIgniter->runController(Object(App\Controllers\Page))
10 SYSTEMPATH\CodeIgniter.php(355): CodeIgniter\CodeIgniter->handleRequest(null, Object(Config\Cache), false)
11 SYSTEMPATH\Boot.php(325): CodeIgniter\CodeIgniter->run()
12 SYSTEMPATH\Boot.php(67): CodeIgniter\Boot::runCodeIgniter(Object(CodeIgniter\CodeIgniter))
13 FCPATH\index.php(56): CodeIgniter\Boot::bootWeb(Object(Config\Paths))
14 SYSTEMPATH\rewrite.php(44): require_once('C:\\project bu kurniati\\ci4\\public\\index.php')
CRITICAL - 2024-10-10 15:03:42 --> CodeIgniter\View\Exceptions\ViewException: Invalid file: "navbar.php"
[Method: GET, Route: laptop]
in SYSTEMPATH\Exceptions\FrameworkException.php on line 41.
 1 SYSTEMPATH\View\View.php(222): CodeIgniter\Exceptions\FrameworkException::forInvalidFile('navbar.php')
 2 SYSTEMPATH\View\View.php(487): CodeIgniter\View\View->render('navbar', null, true)
 3 APPPATH\Views\laptop.php(11): CodeIgniter\View\View->include('navbar')
 4 SYSTEMPATH\View\View.php(234): include('C:\\project bu kurniati\\ci4\\app\\Views\\laptop.php')
 5 SYSTEMPATH\View\View.php(237): CodeIgniter\View\View->CodeIgniter\View\{closure}()
 6 SYSTEMPATH\Common.php(1171): CodeIgniter\View\View->render('laptop', [], true)
 7 APPPATH\Controllers\Page.php(15): view('laptop', [...])
 8 SYSTEMPATH\CodeIgniter.php(933): App\Controllers\Page->laptop()
 9 SYSTEMPATH\CodeIgniter.php(509): CodeIgniter\CodeIgniter->runController(Object(App\Controllers\Page))
10 SYSTEMPATH\CodeIgniter.php(355): CodeIgniter\CodeIgniter->handleRequest(null, Object(Config\Cache), false)
11 SYSTEMPATH\Boot.php(325): CodeIgniter\CodeIgniter->run()
12 SYSTEMPATH\Boot.php(67): CodeIgniter\Boot::runCodeIgniter(Object(CodeIgniter\CodeIgniter))
13 FCPATH\index.php(56): CodeIgniter\Boot::bootWeb(Object(Config\Paths))
14 SYSTEMPATH\rewrite.php(44): require_once('C:\\project bu kurniati\\ci4\\public\\index.php')
CRITICAL - 2024-10-10 15:03:43 --> CodeIgniter\View\Exceptions\ViewException: Invalid file: "navbar.php"
[Method: GET, Route: laptop]
in SYSTEMPATH\Exceptions\FrameworkException.php on line 41.
 1 SYSTEMPATH\View\View.php(222): CodeIgniter\Exceptions\FrameworkException::forInvalidFile('navbar.php')
 2 SYSTEMPATH\View\View.php(487): CodeIgniter\View\View->render('navbar', null, true)
 3 APPPATH\Views\laptop.php(11): CodeIgniter\View\View->include('navbar')
 4 SYSTEMPATH\View\View.php(234): include('C:\\project bu kurniati\\ci4\\app\\Views\\laptop.php')
 5 SYSTEMPATH\View\View.php(237): CodeIgniter\View\View->CodeIgniter\View\{closure}()
 6 SYSTEMPATH\Common.php(1171): CodeIgniter\View\View->render('laptop', [], true)
 7 APPPATH\Controllers\Page.php(15): view('laptop', [...])
 8 SYSTEMPATH\CodeIgniter.php(933): App\Controllers\Page->laptop()
 9 SYSTEMPATH\CodeIgniter.php(509): CodeIgniter\CodeIgniter->runController(Object(App\Controllers\Page))
10 SYSTEMPATH\CodeIgniter.php(355): CodeIgniter\CodeIgniter->handleRequest(null, Object(Config\Cache), false)
11 SYSTEMPATH\Boot.php(325): CodeIgniter\CodeIgniter->run()
12 SYSTEMPATH\Boot.php(67): CodeIgniter\Boot::runCodeIgniter(Object(CodeIgniter\CodeIgniter))
13 FCPATH\index.php(56): CodeIgniter\Boot::bootWeb(Object(Config\Paths))
14 SYSTEMPATH\rewrite.php(44): require_once('C:\\project bu kurniati\\ci4\\public\\index.php')
CRITICAL - 2024-10-10 15:03:46 --> CodeIgniter\View\Exceptions\ViewException: Invalid file: "navbar.php"
[Method: GET, Route: laptop]
in SYSTEMPATH\Exceptions\FrameworkException.php on line 41.
 1 SYSTEMPATH\View\View.php(222): CodeIgniter\Exceptions\FrameworkException::forInvalidFile('navbar.php')
 2 SYSTEMPATH\View\View.php(487): CodeIgniter\View\View->render('navbar', null, true)
 3 APPPATH\Views\laptop.php(11): CodeIgniter\View\View->include('navbar')
 4 SYSTEMPATH\View\View.php(234): include('C:\\project bu kurniati\\ci4\\app\\Views\\laptop.php')
 5 SYSTEMPATH\View\View.php(237): CodeIgniter\View\View->CodeIgniter\View\{closure}()
 6 SYSTEMPATH\Common.php(1171): CodeIgniter\View\View->render('laptop', [], true)
 7 APPPATH\Controllers\Page.php(15): view('laptop', [...])
 8 SYSTEMPATH\CodeIgniter.php(933): App\Controllers\Page->laptop()
 9 SYSTEMPATH\CodeIgniter.php(509): CodeIgniter\CodeIgniter->runController(Object(App\Controllers\Page))
10 SYSTEMPATH\CodeIgniter.php(355): CodeIgniter\CodeIgniter->handleRequest(null, Object(Config\Cache), false)
11 SYSTEMPATH\Boot.php(325): CodeIgniter\CodeIgniter->run()
12 SYSTEMPATH\Boot.php(67): CodeIgniter\Boot::runCodeIgniter(Object(CodeIgniter\CodeIgniter))
13 FCPATH\index.php(56): CodeIgniter\Boot::bootWeb(Object(Config\Paths))
14 SYSTEMPATH\rewrite.php(44): require_once('C:\\project bu kurniati\\ci4\\public\\index.php')
CRITICAL - 2024-10-10 15:03:46 --> CodeIgniter\View\Exceptions\ViewException: Invalid file: "navbar.php"
[Method: GET, Route: laptop]
in SYSTEMPATH\Exceptions\FrameworkException.php on line 41.
 1 SYSTEMPATH\View\View.php(222): CodeIgniter\Exceptions\FrameworkException::forInvalidFile('navbar.php')
 2 SYSTEMPATH\View\View.php(487): CodeIgniter\View\View->render('navbar', null, true)
 3 APPPATH\Views\laptop.php(11): CodeIgniter\View\View->include('navbar')
 4 SYSTEMPATH\View\View.php(234): include('C:\\project bu kurniati\\ci4\\app\\Views\\laptop.php')
 5 SYSTEMPATH\View\View.php(237): CodeIgniter\View\View->CodeIgniter\View\{closure}()
 6 SYSTEMPATH\Common.php(1171): CodeIgniter\View\View->render('laptop', [], true)
 7 APPPATH\Controllers\Page.php(15): view('laptop', [...])
 8 SYSTEMPATH\CodeIgniter.php(933): App\Controllers\Page->laptop()
 9 SYSTEMPATH\CodeIgniter.php(509): CodeIgniter\CodeIgniter->runController(Object(App\Controllers\Page))
10 SYSTEMPATH\CodeIgniter.php(355): CodeIgniter\CodeIgniter->handleRequest(null, Object(Config\Cache), false)
11 SYSTEMPATH\Boot.php(325): CodeIgniter\CodeIgniter->run()
12 SYSTEMPATH\Boot.php(67): CodeIgniter\Boot::runCodeIgniter(Object(CodeIgniter\CodeIgniter))
13 FCPATH\index.php(56): CodeIgniter\Boot::bootWeb(Object(Config\Paths))
14 SYSTEMPATH\rewrite.php(44): require_once('C:\\project bu kurniati\\ci4\\public\\index.php')
